[skillrater] INFO | 2025-10-22 16:51:12.063 | main | n.s.r.integration.PublicVoteTest:50 | Starting PublicVoteTest using Java 17.0.16 with PID 118223 (started by nklinux in /home/nklinux/Documents/workspace/projects/skillrater)
[skillrater] INFO | 2025-10-22 16:51:12.068 | main | n.s.r.integration.PublicVoteTest:660 | The following 1 profile is active: "test"
[skillrater] INFO | 2025-10-22 16:51:13.564 | main | o.s.d.r.c.RepositoryConfigurationDelegate:143 | Bootstrapping Spring Data R2DBC repositories in DEFAULT mode.
[skillrater] INFO | 2025-10-22 16:51:13.756 | main | o.s.d.r.c.RepositoryConfigurationDelegate:211 | Finished Spring Data repository scanning in 186 ms. Found 3 R2DBC repository interfaces.
[skillrater] INFO | 2025-10-22 16:51:16.585 | main | o.s.b.w.e.netty.NettyWebServer:141 | Netty started on port 37785 (http)
[skillrater] INFO | 2025-10-22 16:51:16.604 | main | n.s.r.integration.PublicVoteTest:56 | Started PublicVoteTest in 5.218 seconds (process running for 6.536)
[skillrater] INFO | 2025-10-22 16:51:16.748 | main | n.s.r.c.ApplicationSeeder:95 | ===========> DB Seeding started
[skillrater] INFO | 2025-10-22 16:51:17.843 | main | n.s.r.c.ApplicationSeeder:104 | ===========> DB Seeding finished
[skillrater] INFO | 2025-10-22 16:51:17.843 | main | n.s.r.c.ApplicationSeeder:106 | ===========> Can start vote simulation now
[skillrater] INFO | 2025-10-22 16:51:17.844 | main | n.s.r.async.DBSeedCompletedEvent:10 | [skillrater] INFO | DB seeding completed event created
[skillrater] INFO | 2025-10-22 16:51:18.057 | main | n.s.r.c.ApplicationSeeder:72 | ✅ Creating default guest user: guest
[skillrater] INFO | 2025-10-22 16:51:18.073 | main | n.s.r.SpringReactiveApplication:56 | [skillrater] INFO | Application started and ready
[skillrater] INFO | 2025-10-22 16:51:20.429 | parallel-3 | n.s.r.c.AppConfiguration:47 | [skillrater] INFO | Incoming request | POST | /api/v1/data/skill-vote | headers=[WebTestClient-Request-Id:"1", Content-Type:"application/json", Content-Length:"45"] 
[skillrater] ERROR | 2025-10-22 16:51:20.546 | parallel-3 | n.s.r.e.SkillNotFoundException:9 | [skillrater] ERROR | SkillNotFoundException
[skillrater] INFO | 2025-10-22 16:51:20.649 | boundedElastic-1 | n.s.r.c.SkillRatingRestController:91 | [skillrater] INFO | REST vote | IP=unknown | skillUUID=abc-123 | type=DOWNVOTE
[skillrater] INFO | 2025-10-22 16:51:21.107 | parallel-5 | n.s.r.c.AppConfiguration:47 | [skillrater] INFO | Incoming request | POST | /api/v1/data/skill-vote | headers=[WebTestClient-Request-Id:"2", Content-Type:"application/json", Content-Length:"49"] 
[skillrater] ERROR | 2025-10-22 16:51:21.115 | parallel-5 | n.s.r.e.SkillNotFoundException:9 | [skillrater] ERROR | SkillNotFoundException
[skillrater] INFO | 2025-10-22 16:51:21.199 | parallel-7 | n.s.r.c.AppConfiguration:47 | [skillrater] INFO | Incoming request | POST | /api/v1/data/skill-vote | headers=[WebTestClient-Request-Id:"3", Content-Type:"application/json", Content-Length:"43"] 
[skillrater] ERROR | 2025-10-22 16:51:21.206 | parallel-7 | n.s.r.e.SkillNotFoundException:9 | [skillrater] ERROR | SkillNotFoundException
[skillrater] INFO | 2025-10-22 16:51:21.223 | boundedElastic-1 | n.s.r.c.SkillRatingRestController:91 | [skillrater] INFO | REST vote | IP=unknown | skillUUID=abc-123 | type=UPVOTE
[skillrater] INFO | 2025-10-22 16:51:21.321 | main | o.s.t.c.s.AnnotationConfigContextLoaderUtils:83 | Could not detect default configuration classes for test class [nk.springprojects.reactive.integration.RestVoteRateLimitingTestIT]: RestVoteRateLimitingTest does not declare any static, non-private, non-final, nested classes annotated with @Configuration.
[skillrater] INFO | 2025-10-22 16:51:21.344 | main | o.s.b.t.c.SpringBootTestContextBootstrapper:234 | Found @SpringBootConfiguration nk.springprojects.reactive.SpringReactiveApplication for test class nk.springprojects.reactive.integration.RestVoteRateLimitingTestIT
[skillrater] INFO | 2025-10-22 16:51:21.595 | main | n.s.r.i.RestVoteRateLimitingTest:50 | Starting RestVoteRateLimitingTest using Java 17.0.16 with PID 118223 (started by nklinux in /home/nklinux/Documents/workspace/projects/skillrater)
[skillrater] INFO | 2025-10-22 16:51:21.596 | main | n.s.r.i.RestVoteRateLimitingTest:660 | The following 1 profile is active: "test"
[skillrater] INFO | 2025-10-22 16:51:22.003 | main | o.s.d.r.c.RepositoryConfigurationDelegate:143 | Bootstrapping Spring Data R2DBC repositories in DEFAULT mode.
[skillrater] INFO | 2025-10-22 16:51:22.012 | main | o.s.d.r.c.RepositoryConfigurationDelegate:211 | Finished Spring Data repository scanning in 7 ms. Found 3 R2DBC repository interfaces.
[skillrater] INFO | 2025-10-22 16:51:23.030 | main | o.s.b.w.e.netty.NettyWebServer:141 | Netty started on port 34521 (http)
[skillrater] INFO | 2025-10-22 16:51:23.043 | main | n.s.r.i.RestVoteRateLimitingTest:56 | Started RestVoteRateLimitingTest in 1.636 seconds (process running for 12.975)
[skillrater] INFO | 2025-10-22 16:51:23.049 | main | n.s.r.c.ApplicationSeeder:75 | ℹ️ Guest user already exists, skipping creation.
[skillrater] INFO | 2025-10-22 16:51:23.063 | main | n.s.r.c.ApplicationSeeder:106 | ===========> Can start vote simulation now
[skillrater] INFO | 2025-10-22 16:51:23.064 | main | n.s.r.async.DBSeedCompletedEvent:10 | [skillrater] INFO | DB seeding completed event created
[skillrater] INFO | 2025-10-22 16:51:23.065 | main | n.s.r.SpringReactiveApplication:56 | [skillrater] INFO | Application started and ready
[skillrater] INFO | 2025-10-22 16:51:23.134 | parallel-2 | n.s.r.c.AppConfiguration:47 | [skillrater] INFO | Incoming request | POST | /api/v1/data/skill-vote | headers=[WebTestClient-Request-Id:"1", Content-Type:"application/json", Content-Length:"72"] 
[skillrater] ERROR | 2025-10-22 16:51:23.151 | parallel-2 | n.s.r.e.SkillNotFoundException:9 | [skillrater] ERROR | SkillNotFoundException
[skillrater] INFO | 2025-10-22 16:51:23.162 | boundedElastic-1 | n.s.r.c.SkillRatingRestController:91 | [skillrater] INFO | REST vote | IP=unknown | skillUUID=32bdda99-e7cf-483a-9f8e-34a66a5890f6 | type=UPVOTE
[skillrater] INFO | 2025-10-22 16:51:23.181 | parallel-4 | n.s.r.c.AppConfiguration:47 | [skillrater] INFO | Incoming request | POST | /api/v1/data/skill-vote | headers=[WebTestClient-Request-Id:"2", Content-Type:"application/json", Content-Length:"72"] 
[skillrater] ERROR | 2025-10-22 16:51:23.184 | parallel-4 | n.s.r.e.SkillNotFoundException:9 | [skillrater] ERROR | SkillNotFoundException
[skillrater] INFO | 2025-10-22 16:51:23.193 | boundedElastic-1 | n.s.r.c.SkillRatingRestController:91 | [skillrater] INFO | REST vote | IP=unknown | skillUUID=32bdda99-e7cf-483a-9f8e-34a66a5890f6 | type=UPVOTE
[skillrater] INFO | 2025-10-22 16:51:23.200 | parallel-6 | n.s.r.c.AppConfiguration:47 | [skillrater] INFO | Incoming request | POST | /api/v1/data/skill-vote | headers=[WebTestClient-Request-Id:"3", Content-Type:"application/json", Content-Length:"72"] 
[skillrater] ERROR | 2025-10-22 16:51:23.203 | parallel-6 | n.s.r.e.SkillNotFoundException:9 | [skillrater] ERROR | SkillNotFoundException
[skillrater] INFO | 2025-10-22 16:51:23.212 | boundedElastic-1 | n.s.r.c.SkillRatingRestController:91 | [skillrater] INFO | REST vote | IP=unknown | skillUUID=32bdda99-e7cf-483a-9f8e-34a66a5890f6 | type=UPVOTE
[skillrater] INFO | 2025-10-22 16:51:23.220 | parallel-8 | n.s.r.c.AppConfiguration:47 | [skillrater] INFO | Incoming request | POST | /api/v1/data/skill-vote | headers=[WebTestClient-Request-Id:"4", Content-Type:"application/json", Content-Length:"72"] 
[skillrater] ERROR | 2025-10-22 16:51:23.224 | parallel-8 | n.s.r.e.SkillNotFoundException:9 | [skillrater] ERROR | SkillNotFoundException
[skillrater] INFO | 2025-10-22 16:51:23.232 | boundedElastic-1 | n.s.r.c.SkillRatingRestController:91 | [skillrater] INFO | REST vote | IP=unknown | skillUUID=32bdda99-e7cf-483a-9f8e-34a66a5890f6 | type=UPVOTE
[skillrater] INFO | 2025-10-22 16:51:23.240 | parallel-2 | n.s.r.c.AppConfiguration:47 | [skillrater] INFO | Incoming request | POST | /api/v1/data/skill-vote | headers=[WebTestClient-Request-Id:"5", Content-Type:"application/json", Content-Length:"72"] 
[skillrater] ERROR | 2025-10-22 16:51:23.243 | parallel-2 | n.s.r.e.SkillNotFoundException:9 | [skillrater] ERROR | SkillNotFoundException
[skillrater] INFO | 2025-10-22 16:51:23.252 | boundedElastic-1 | n.s.r.c.SkillRatingRestController:91 | [skillrater] INFO | REST vote | IP=unknown | skillUUID=32bdda99-e7cf-483a-9f8e-34a66a5890f6 | type=UPVOTE
[skillrater] INFO | 2025-10-22 16:51:23.259 | parallel-4 | n.s.r.c.AppConfiguration:47 | [skillrater] INFO | Incoming request | POST | /api/v1/data/skill-vote | headers=[WebTestClient-Request-Id:"6", Content-Type:"application/json", Content-Length:"72"] 
[skillrater] ERROR | 2025-10-22 16:51:23.262 | parallel-4 | n.s.r.e.SkillNotFoundException:9 | [skillrater] ERROR | SkillNotFoundException
[skillrater] INFO | 2025-10-22 16:51:23.270 | boundedElastic-1 | n.s.r.c.SkillRatingRestController:91 | [skillrater] INFO | REST vote | IP=unknown | skillUUID=32bdda99-e7cf-483a-9f8e-34a66a5890f6 | type=UPVOTE
[skillrater] INFO | 2025-10-22 16:51:23.278 | parallel-6 | n.s.r.c.AppConfiguration:47 | [skillrater] INFO | Incoming request | POST | /api/v1/data/skill-vote | headers=[WebTestClient-Request-Id:"7", Content-Type:"application/json", Content-Length:"72"] 
[skillrater] ERROR | 2025-10-22 16:51:23.281 | parallel-6 | n.s.r.e.SkillNotFoundException:9 | [skillrater] ERROR | SkillNotFoundException
[skillrater] INFO | 2025-10-22 16:51:23.291 | boundedElastic-1 | n.s.r.c.SkillRatingRestController:91 | [skillrater] INFO | REST vote | IP=unknown | skillUUID=32bdda99-e7cf-483a-9f8e-34a66a5890f6 | type=UPVOTE
[skillrater] INFO | 2025-10-22 16:51:23.307 | parallel-8 | n.s.r.c.AppConfiguration:47 | [skillrater] INFO | Incoming request | POST | /api/v1/data/skill-vote | headers=[WebTestClient-Request-Id:"8", Content-Type:"application/json", Content-Length:"72"] 
[skillrater] ERROR | 2025-10-22 16:51:23.310 | parallel-8 | n.s.r.e.SkillNotFoundException:9 | [skillrater] ERROR | SkillNotFoundException
[skillrater] INFO | 2025-10-22 16:51:23.322 | boundedElastic-1 | n.s.r.c.SkillRatingRestController:91 | [skillrater] INFO | REST vote | IP=unknown | skillUUID=32bdda99-e7cf-483a-9f8e-34a66a5890f6 | type=UPVOTE
[skillrater] INFO | 2025-10-22 16:51:23.331 | parallel-2 | n.s.r.c.AppConfiguration:47 | [skillrater] INFO | Incoming request | POST | /api/v1/data/skill-vote | headers=[WebTestClient-Request-Id:"9", Content-Type:"application/json", Content-Length:"72"] 
[skillrater] ERROR | 2025-10-22 16:51:23.334 | parallel-2 | n.s.r.e.SkillNotFoundException:9 | [skillrater] ERROR | SkillNotFoundException
[skillrater] INFO | 2025-10-22 16:51:23.343 | boundedElastic-1 | n.s.r.c.SkillRatingRestController:91 | [skillrater] INFO | REST vote | IP=unknown | skillUUID=32bdda99-e7cf-483a-9f8e-34a66a5890f6 | type=UPVOTE
[skillrater] INFO | 2025-10-22 16:51:23.354 | parallel-4 | n.s.r.c.AppConfiguration:47 | [skillrater] INFO | Incoming request | POST | /api/v1/data/skill-vote | headers=[WebTestClient-Request-Id:"10", Content-Type:"application/json", Content-Length:"72"] 
[skillrater] ERROR | 2025-10-22 16:51:23.357 | parallel-4 | n.s.r.e.SkillNotFoundException:9 | [skillrater] ERROR | SkillNotFoundException
[skillrater] INFO | 2025-10-22 16:51:23.368 | boundedElastic-2 | n.s.r.c.SkillRatingRestController:91 | [skillrater] INFO | REST vote | IP=unknown | skillUUID=32bdda99-e7cf-483a-9f8e-34a66a5890f6 | type=UPVOTE
[skillrater] INFO | 2025-10-22 16:51:23.375 | parallel-6 | n.s.r.c.AppConfiguration:47 | [skillrater] INFO | Incoming request | POST | /api/v1/data/skill-vote | headers=[WebTestClient-Request-Id:"11", Content-Type:"application/json", Content-Length:"72"] 
[skillrater] ERROR | 2025-10-22 16:51:23.380 | parallel-6 | n.s.r.e.SkillNotFoundException:9 | [skillrater] ERROR | SkillNotFoundException
[skillrater] WARN | 2025-10-22 16:51:23.381 | parallel-6 | n.s.r.c.SkillRatingRestController:104 | [skillrater] WARN | Rate limit exceeded for IP=unknown
[skillrater] INFO | 2025-10-22 16:51:23.396 | boundedElastic-2 | n.s.reactive.async.VoteQueue:44 | [skillrater] INFO | queued vote processed for 32bdda99-e7cf-483a-9f8e-34a66a5890f6
[skillrater] INFO | 2025-10-22 16:51:23.438 | parallel-8 | n.s.r.c.AppConfiguration:47 | [skillrater] INFO | Incoming request | POST | /api/v1/data/skill-vote | headers=[WebTestClient-Request-Id:"12", Content-Type:"application/json", Content-Length:"72"] 
[skillrater] ERROR | 2025-10-22 16:51:23.440 | parallel-8 | n.s.r.e.SkillNotFoundException:9 | [skillrater] ERROR | SkillNotFoundException
[skillrater] INFO | 2025-10-22 16:51:23.447 | boundedElastic-2 | n.s.r.c.SkillRatingRestController:91 | [skillrater] INFO | REST vote | IP=unknown | skillUUID=ae1432b4-c08d-4170-967d-dddfa28f1165 | type=UPVOTE
[skillrater] INFO | 2025-10-22 16:51:23.454 | parallel-2 | n.s.r.c.AppConfiguration:47 | [skillrater] INFO | Incoming request | POST | /api/v1/data/skill-vote | headers=[WebTestClient-Request-Id:"13", Content-Type:"application/json", Content-Length:"72"] 
[skillrater] ERROR | 2025-10-22 16:51:23.457 | parallel-2 | n.s.r.e.SkillNotFoundException:9 | [skillrater] ERROR | SkillNotFoundException
[skillrater] INFO | 2025-10-22 16:51:23.464 | boundedElastic-2 | n.s.r.c.SkillRatingRestController:91 | [skillrater] INFO | REST vote | IP=unknown | skillUUID=ae1432b4-c08d-4170-967d-dddfa28f1165 | type=UPVOTE
[skillrater] INFO | 2025-10-22 16:51:23.471 | parallel-4 | n.s.r.c.AppConfiguration:47 | [skillrater] INFO | Incoming request | POST | /api/v1/data/skill-vote | headers=[WebTestClient-Request-Id:"14", Content-Type:"application/json", Content-Length:"72"] 
[skillrater] ERROR | 2025-10-22 16:51:23.474 | parallel-4 | n.s.r.e.SkillNotFoundException:9 | [skillrater] ERROR | SkillNotFoundException
[skillrater] INFO | 2025-10-22 16:51:23.481 | boundedElastic-2 | n.s.r.c.SkillRatingRestController:91 | [skillrater] INFO | REST vote | IP=unknown | skillUUID=ae1432b4-c08d-4170-967d-dddfa28f1165 | type=UPVOTE
[skillrater] INFO | 2025-10-22 16:51:23.488 | parallel-6 | n.s.r.c.AppConfiguration:47 | [skillrater] INFO | Incoming request | POST | /api/v1/data/skill-vote | headers=[WebTestClient-Request-Id:"15", Content-Type:"application/json", Content-Length:"72"] 
[skillrater] ERROR | 2025-10-22 16:51:23.491 | parallel-6 | n.s.r.e.SkillNotFoundException:9 | [skillrater] ERROR | SkillNotFoundException
[skillrater] INFO | 2025-10-22 16:51:23.498 | boundedElastic-2 | n.s.r.c.SkillRatingRestController:91 | [skillrater] INFO | REST vote | IP=unknown | skillUUID=ae1432b4-c08d-4170-967d-dddfa28f1165 | type=UPVOTE
[skillrater] INFO | 2025-10-22 16:51:23.519 | parallel-8 | n.s.r.c.AppConfiguration:47 | [skillrater] INFO | Incoming request | POST | /api/v1/data/skill-vote | headers=[WebTestClient-Request-Id:"16", Content-Type:"application/json", Content-Length:"72"] 
[skillrater] ERROR | 2025-10-22 16:51:23.523 | parallel-8 | n.s.r.e.SkillNotFoundException:9 | [skillrater] ERROR | SkillNotFoundException
[skillrater] INFO | 2025-10-22 16:51:23.533 | boundedElastic-2 | n.s.r.c.SkillRatingRestController:91 | [skillrater] INFO | REST vote | IP=unknown | skillUUID=ae1432b4-c08d-4170-967d-dddfa28f1165 | type=UPVOTE
[skillrater] INFO | 2025-10-22 16:51:23.542 | parallel-2 | n.s.r.c.AppConfiguration:47 | [skillrater] INFO | Incoming request | POST | /api/v1/data/skill-vote | headers=[WebTestClient-Request-Id:"17", Content-Type:"application/json", Content-Length:"72"] 
[skillrater] ERROR | 2025-10-22 16:51:23.546 | parallel-2 | n.s.r.e.SkillNotFoundException:9 | [skillrater] ERROR | SkillNotFoundException
[skillrater] INFO | 2025-10-22 16:51:23.555 | boundedElastic-2 | n.s.r.c.SkillRatingRestController:91 | [skillrater] INFO | REST vote | IP=unknown | skillUUID=ae1432b4-c08d-4170-967d-dddfa28f1165 | type=UPVOTE
[skillrater] INFO | 2025-10-22 16:51:23.566 | parallel-4 | n.s.r.c.AppConfiguration:47 | [skillrater] INFO | Incoming request | POST | /api/v1/data/skill-vote | headers=[WebTestClient-Request-Id:"18", Content-Type:"application/json", Content-Length:"72"] 
[skillrater] ERROR | 2025-10-22 16:51:23.570 | parallel-4 | n.s.r.e.SkillNotFoundException:9 | [skillrater] ERROR | SkillNotFoundException
[skillrater] INFO | 2025-10-22 16:51:23.580 | boundedElastic-1 | n.s.r.c.SkillRatingRestController:91 | [skillrater] INFO | REST vote | IP=unknown | skillUUID=ae1432b4-c08d-4170-967d-dddfa28f1165 | type=UPVOTE
[skillrater] INFO | 2025-10-22 16:51:23.592 | parallel-6 | n.s.r.c.AppConfiguration:47 | [skillrater] INFO | Incoming request | POST | /api/v1/data/skill-vote | headers=[WebTestClient-Request-Id:"19", Content-Type:"application/json", Content-Length:"72"] 
[skillrater] ERROR | 2025-10-22 16:51:23.599 | parallel-6 | n.s.r.e.SkillNotFoundException:9 | [skillrater] ERROR | SkillNotFoundException
[skillrater] INFO | 2025-10-22 16:51:23.608 | boundedElastic-1 | n.s.r.c.SkillRatingRestController:91 | [skillrater] INFO | REST vote | IP=unknown | skillUUID=ae1432b4-c08d-4170-967d-dddfa28f1165 | type=UPVOTE
[skillrater] INFO | 2025-10-22 16:51:23.616 | parallel-8 | n.s.r.c.AppConfiguration:47 | [skillrater] INFO | Incoming request | POST | /api/v1/data/skill-vote | headers=[WebTestClient-Request-Id:"20", Content-Type:"application/json", Content-Length:"72"] 
[skillrater] ERROR | 2025-10-22 16:51:23.619 | parallel-8 | n.s.r.e.SkillNotFoundException:9 | [skillrater] ERROR | SkillNotFoundException
[skillrater] INFO | 2025-10-22 16:51:23.626 | boundedElastic-1 | n.s.r.c.SkillRatingRestController:91 | [skillrater] INFO | REST vote | IP=unknown | skillUUID=ae1432b4-c08d-4170-967d-dddfa28f1165 | type=UPVOTE
[skillrater] INFO | 2025-10-22 16:51:23.633 | parallel-2 | n.s.r.c.AppConfiguration:47 | [skillrater] INFO | Incoming request | POST | /api/v1/data/skill-vote | headers=[WebTestClient-Request-Id:"21", Content-Type:"application/json", Content-Length:"72"] 
[skillrater] ERROR | 2025-10-22 16:51:23.636 | parallel-2 | n.s.r.e.SkillNotFoundException:9 | [skillrater] ERROR | SkillNotFoundException
[skillrater] INFO | 2025-10-22 16:51:23.643 | boundedElastic-1 | n.s.r.c.SkillRatingRestController:91 | [skillrater] INFO | REST vote | IP=unknown | skillUUID=ae1432b4-c08d-4170-967d-dddfa28f1165 | type=UPVOTE
[skillrater] INFO | 2025-10-22 16:51:23.650 | parallel-4 | n.s.r.c.AppConfiguration:47 | [skillrater] INFO | Incoming request | POST | /api/v1/data/skill-vote | headers=[WebTestClient-Request-Id:"22", Content-Type:"application/json", Content-Length:"72"] 
[skillrater] ERROR | 2025-10-22 16:51:23.652 | parallel-4 | n.s.r.e.SkillNotFoundException:9 | [skillrater] ERROR | SkillNotFoundException
[skillrater] WARN | 2025-10-22 16:51:23.653 | parallel-4 | n.s.r.c.SkillRatingRestController:104 | [skillrater] WARN | Rate limit exceeded for IP=unknown
[skillrater] INFO | 2025-10-22 16:51:23.680 | main | o.s.t.c.s.AnnotationConfigContextLoaderUtils:83 | Could not detect default configuration classes for test class [nk.springprojects.reactive.unittest.DatabaseTest]: DatabaseTest does not declare any static, non-private, non-final, nested classes annotated with @Configuration.
[skillrater] ERROR | 2025-10-22 16:51:23.931 | main | n.s.r.e.SkillNotFoundException:9 | [skillrater] ERROR | SkillNotFoundException
[skillrater] ERROR | 2025-10-22 16:51:23.944 | main | n.s.r.e.SkillNotFoundException:9 | [skillrater] ERROR | SkillNotFoundException
[skillrater] ERROR | 2025-10-22 16:51:23.951 | main | n.s.r.e.SkillNotFoundException:9 | [skillrater] ERROR | SkillNotFoundException
[skillrater] ERROR | 2025-10-22 16:51:23.957 | main | n.s.r.e.SkillNotFoundException:9 | [skillrater] ERROR | SkillNotFoundException
[skillrater] INFO | 2025-10-22 16:51:23.967 | main | o.s.t.c.s.AnnotationConfigContextLoaderUtils:83 | Could not detect default configuration classes for test class [nk.springprojects.reactive.SpringReactiveApplicationTests]: SpringReactiveApplicationTests does not declare any static, non-private, non-final, nested classes annotated with @Configuration.
[skillrater] INFO | 2025-10-22 16:51:23.981 | main | o.s.b.t.c.SpringBootTestContextBootstrapper:234 | Found @SpringBootConfiguration nk.springprojects.reactive.SpringReactiveApplication for test class nk.springprojects.reactive.SpringReactiveApplicationTests
[skillrater] INFO | 2025-10-22 16:51:24.025 | main | n.s.r.SpringReactiveApplicationTests:50 | Starting SpringReactiveApplicationTests using Java 17.0.16 with PID 118223 (started by nklinux in /home/nklinux/Documents/workspace/projects/skillrater)
[skillrater] INFO | 2025-10-22 16:51:24.025 | main | n.s.r.SpringReactiveApplicationTests:654 | No active profile set, falling back to 1 default profile: "dev"
[skillrater] INFO | 2025-10-22 16:51:24.426 | main | o.s.d.r.c.RepositoryConfigurationDelegate:143 | Bootstrapping Spring Data R2DBC repositories in DEFAULT mode.
[skillrater] INFO | 2025-10-22 16:51:24.436 | main | o.s.d.r.c.RepositoryConfigurationDelegate:211 | Finished Spring Data repository scanning in 9 ms. Found 3 R2DBC repository interfaces.
[skillrater] INFO | 2025-10-22 16:51:24.588 | main | c.g.j.r.m.MysqlConnectionFactoryProvider:52 | set jasync.mysql.CLIENT_FOUND_ROWS=true
[skillrater] INFO | 2025-10-22 16:51:24.593 | main | c.g.jasync.sql.db.util.NettyUtils:38 | jasync available transport - native (epoll)
[skillrater] INFO | 2025-10-22 16:51:25.622 | main | o.f.c.i.r.ResourceNameValidator:37 | 1 SQL migrations were detected but not run because they did not follow the filename convention.
[skillrater] INFO | 2025-10-22 16:51:25.623 | main | o.f.c.i.r.ResourceNameValidator:37 | Set 'validateMigrationNaming' to true to fail fast and see a list of the invalid file names.
[skillrater] INFO | 2025-10-22 16:51:25.677 | main | org.flywaydb.core.FlywayExecutor:37 | Database: jdbc:mysql://localhost:3306/javatutos (MySQL 8.0)
[skillrater] INFO | 2025-10-22 16:51:25.821 | main | o.f.core.internal.command.DbValidate:37 | Successfully validated 10 migrations (execution time 00:00.076s)
[skillrater] INFO | 2025-10-22 16:51:25.842 | main | o.f.core.internal.command.DbMigrate:37 | Current version of schema `javatutos`: 11
[skillrater] INFO | 2025-10-22 16:51:25.847 | main | o.f.core.internal.command.DbMigrate:37 | Schema `javatutos` is up to date. No migration necessary.
[skillrater] INFO | 2025-10-22 16:51:25.900 | main | n.s.r.SpringReactiveApplicationTests:56 | Started SpringReactiveApplicationTests in 1.904 seconds (process running for 15.832)
[skillrater] INFO | 2025-10-22 16:51:26.084 | db-sql-netty-thread-2 | n.s.r.c.ApplicationSeeder:75 | ℹ️ Guest user already exists, skipping creation.
[skillrater] INFO | 2025-10-22 16:51:26.208 | main | n.s.r.c.ApplicationSeeder:106 | ===========> Can start vote simulation now
[skillrater] INFO | 2025-10-22 16:51:26.208 | main | n.s.r.async.DBSeedCompletedEvent:10 | [skillrater] INFO | DB seeding completed event created
[skillrater] INFO | 2025-10-22 16:51:26.210 | main | n.s.r.SpringReactiveApplication:56 | [skillrater] INFO | Application started and ready
[skillrater] INFO | 2025-10-22 16:51:26.230 | SpringApplicationShutdownHook | n.s.r.SpringReactiveApplication:61 | [skillrater] INFO | Application stopping
[skillrater] INFO | 2025-10-22 16:51:28.259 | SpringApplicationShutdownHook | n.s.r.SpringReactiveApplication:61 | [skillrater] INFO | Application stopping
[skillrater] INFO | 2025-10-22 16:51:28.938 | db-sql-netty-thread-4 | n.s.reactive.async.ThreadComponent:58 | [skillrater] INFO | new vote simulation added
[skillrater] INFO | 2025-10-22 16:51:30.278 | SpringApplicationShutdownHook | n.s.r.SpringReactiveApplication:61 | [skillrater] INFO | Application stopping
[skillrater] INFO | 2025-10-22 16:52:50.721 | main | n.s.r.integration.PublicVoteTest:50 | Starting PublicVoteTest using Java 17.0.16 with PID 118636 (started by nklinux in /home/nklinux/Documents/workspace/projects/skillrater)
[skillrater] INFO | 2025-10-22 16:52:50.722 | main | n.s.r.integration.PublicVoteTest:660 | The following 1 profile is active: "test"
[skillrater] INFO | 2025-10-22 16:52:51.980 | main | o.s.d.r.c.RepositoryConfigurationDelegate:143 | Bootstrapping Spring Data R2DBC repositories in DEFAULT mode.
[skillrater] INFO | 2025-10-22 16:52:52.118 | main | o.s.d.r.c.RepositoryConfigurationDelegate:211 | Finished Spring Data repository scanning in 134 ms. Found 3 R2DBC repository interfaces.
[skillrater] INFO | 2025-10-22 16:52:54.464 | main | o.s.b.w.e.netty.NettyWebServer:141 | Netty started on port 39187 (http)
[skillrater] INFO | 2025-10-22 16:52:54.480 | main | n.s.r.integration.PublicVoteTest:56 | Started PublicVoteTest in 4.158 seconds (process running for 5.214)
[skillrater] INFO | 2025-10-22 16:52:54.669 | main | n.s.r.c.ApplicationSeeder:72 | ✅ Creating default guest user: guest
[skillrater] INFO | 2025-10-22 16:52:54.782 | main | n.s.r.c.ApplicationSeeder:95 | ===========> DB Seeding started
[skillrater] INFO | 2025-10-22 16:52:55.591 | main | n.s.r.c.ApplicationSeeder:104 | ===========> DB Seeding finished
[skillrater] INFO | 2025-10-22 16:52:55.591 | main | n.s.r.c.ApplicationSeeder:106 | ===========> Can start vote simulation now
[skillrater] INFO | 2025-10-22 16:52:55.591 | main | n.s.r.async.DBSeedCompletedEvent:10 | [skillrater] INFO | DB seeding completed event created
[skillrater] INFO | 2025-10-22 16:52:55.592 | main | n.s.r.SpringReactiveApplication:56 | [skillrater] INFO | Application started and ready
[skillrater] INFO | 2025-10-22 16:52:56.365 | parallel-3 | n.s.r.c.AppConfiguration:47 | [skillrater] INFO | Incoming request | POST | /api/v1/data/skill-vote | headers=[WebTestClient-Request-Id:"1", Content-Type:"application/json", Content-Length:"45"] 
[skillrater] ERROR | 2025-10-22 16:52:56.405 | parallel-3 | n.s.r.e.SkillNotFoundException:9 | [skillrater] ERROR | SkillNotFoundException
[skillrater] INFO | 2025-10-22 16:52:56.440 | boundedElastic-1 | n.s.r.c.SkillRatingRestController:91 | [skillrater] INFO | REST vote | IP=unknown | skillUUID=abc-123 | type=DOWNVOTE
[skillrater] INFO | 2025-10-22 16:52:56.532 | parallel-5 | n.s.r.c.AppConfiguration:47 | [skillrater] INFO | Incoming request | POST | /api/v1/data/skill-vote | headers=[WebTestClient-Request-Id:"2", Content-Type:"application/json", Content-Length:"49"] 
[skillrater] ERROR | 2025-10-22 16:52:56.535 | parallel-5 | n.s.r.e.SkillNotFoundException:9 | [skillrater] ERROR | SkillNotFoundException
[skillrater] INFO | 2025-10-22 16:52:56.560 | parallel-7 | n.s.r.c.AppConfiguration:47 | [skillrater] INFO | Incoming request | POST | /api/v1/data/skill-vote | headers=[WebTestClient-Request-Id:"3", Content-Type:"application/json", Content-Length:"43"] 
[skillrater] ERROR | 2025-10-22 16:52:56.562 | parallel-7 | n.s.r.e.SkillNotFoundException:9 | [skillrater] ERROR | SkillNotFoundException
[skillrater] INFO | 2025-10-22 16:52:56.567 | boundedElastic-1 | n.s.r.c.SkillRatingRestController:91 | [skillrater] INFO | REST vote | IP=unknown | skillUUID=abc-123 | type=UPVOTE
[skillrater] INFO | 2025-10-22 16:52:56.595 | main | o.s.t.c.s.AnnotationConfigContextLoaderUtils:83 | Could not detect default configuration classes for test class [nk.springprojects.reactive.integration.RestVoteRateLimitingTestIT]: RestVoteRateLimitingTest does not declare any static, non-private, non-final, nested classes annotated with @Configuration.
[skillrater] INFO | 2025-10-22 16:52:56.604 | main | o.s.b.t.c.SpringBootTestContextBootstrapper:234 | Found @SpringBootConfiguration nk.springprojects.reactive.SpringReactiveApplication for test class nk.springprojects.reactive.integration.RestVoteRateLimitingTestIT
[skillrater] INFO | 2025-10-22 16:52:56.686 | main | n.s.r.i.RestVoteRateLimitingTest:50 | Starting RestVoteRateLimitingTest using Java 17.0.16 with PID 118636 (started by nklinux in /home/nklinux/Documents/workspace/projects/skillrater)
[skillrater] INFO | 2025-10-22 16:52:56.687 | main | n.s.r.i.RestVoteRateLimitingTest:660 | The following 1 profile is active: "test"
[skillrater] INFO | 2025-10-22 16:52:56.991 | main | o.s.d.r.c.RepositoryConfigurationDelegate:143 | Bootstrapping Spring Data R2DBC repositories in DEFAULT mode.
[skillrater] INFO | 2025-10-22 16:52:57.003 | main | o.s.d.r.c.RepositoryConfigurationDelegate:211 | Finished Spring Data repository scanning in 11 ms. Found 3 R2DBC repository interfaces.
[skillrater] INFO | 2025-10-22 16:52:58.219 | main | o.s.b.w.e.netty.NettyWebServer:141 | Netty started on port 40967 (http)
[skillrater] INFO | 2025-10-22 16:52:58.234 | main | n.s.r.i.RestVoteRateLimitingTest:56 | Started RestVoteRateLimitingTest in 1.61 seconds (process running for 8.968)
[skillrater] INFO | 2025-10-22 16:52:58.255 | main | n.s.r.c.ApplicationSeeder:106 | ===========> Can start vote simulation now
[skillrater] INFO | 2025-10-22 16:52:58.255 | main | n.s.r.async.DBSeedCompletedEvent:10 | [skillrater] INFO | DB seeding completed event created
[skillrater] INFO | 2025-10-22 16:52:58.261 | main | n.s.r.c.ApplicationSeeder:75 | ℹ️ Guest user already exists, skipping creation.
[skillrater] INFO | 2025-10-22 16:52:58.263 | main | n.s.r.SpringReactiveApplication:56 | [skillrater] INFO | Application started and ready
[skillrater] INFO | 2025-10-22 16:52:58.347 | parallel-2 | n.s.r.c.AppConfiguration:47 | [skillrater] INFO | Incoming request | POST | /api/v1/data/skill-vote | headers=[WebTestClient-Request-Id:"1", Content-Type:"application/json", Content-Length:"72"] 
[skillrater] ERROR | 2025-10-22 16:52:58.367 | parallel-2 | n.s.r.e.SkillNotFoundException:9 | [skillrater] ERROR | SkillNotFoundException
[skillrater] INFO | 2025-10-22 16:52:58.381 | boundedElastic-1 | n.s.r.c.SkillRatingRestController:91 | [skillrater] INFO | REST vote | IP=unknown | skillUUID=76244b69-4861-4d12-b473-86c41bcccc58 | type=UPVOTE
[skillrater] INFO | 2025-10-22 16:52:58.401 | parallel-4 | n.s.r.c.AppConfiguration:47 | [skillrater] INFO | Incoming request | POST | /api/v1/data/skill-vote | headers=[WebTestClient-Request-Id:"2", Content-Type:"application/json", Content-Length:"72"] 
[skillrater] ERROR | 2025-10-22 16:52:58.404 | parallel-4 | n.s.r.e.SkillNotFoundException:9 | [skillrater] ERROR | SkillNotFoundException
[skillrater] INFO | 2025-10-22 16:52:58.413 | boundedElastic-1 | n.s.r.c.SkillRatingRestController:91 | [skillrater] INFO | REST vote | IP=unknown | skillUUID=76244b69-4861-4d12-b473-86c41bcccc58 | type=UPVOTE
[skillrater] INFO | 2025-10-22 16:52:58.421 | parallel-6 | n.s.r.c.AppConfiguration:47 | [skillrater] INFO | Incoming request | POST | /api/v1/data/skill-vote | headers=[WebTestClient-Request-Id:"3", Content-Type:"application/json", Content-Length:"72"] 
[skillrater] ERROR | 2025-10-22 16:52:58.424 | parallel-6 | n.s.r.e.SkillNotFoundException:9 | [skillrater] ERROR | SkillNotFoundException
[skillrater] INFO | 2025-10-22 16:52:58.431 | boundedElastic-1 | n.s.r.c.SkillRatingRestController:91 | [skillrater] INFO | REST vote | IP=unknown | skillUUID=76244b69-4861-4d12-b473-86c41bcccc58 | type=UPVOTE
[skillrater] INFO | 2025-10-22 16:52:58.439 | parallel-8 | n.s.r.c.AppConfiguration:47 | [skillrater] INFO | Incoming request | POST | /api/v1/data/skill-vote | headers=[WebTestClient-Request-Id:"4", Content-Type:"application/json", Content-Length:"72"] 
[skillrater] ERROR | 2025-10-22 16:52:58.442 | parallel-8 | n.s.r.e.SkillNotFoundException:9 | [skillrater] ERROR | SkillNotFoundException
[skillrater] INFO | 2025-10-22 16:52:58.450 | boundedElastic-1 | n.s.r.c.SkillRatingRestController:91 | [skillrater] INFO | REST vote | IP=unknown | skillUUID=76244b69-4861-4d12-b473-86c41bcccc58 | type=UPVOTE
[skillrater] INFO | 2025-10-22 16:52:58.458 | parallel-2 | n.s.r.c.AppConfiguration:47 | [skillrater] INFO | Incoming request | POST | /api/v1/data/skill-vote | headers=[WebTestClient-Request-Id:"5", Content-Type:"application/json", Content-Length:"72"] 
[skillrater] ERROR | 2025-10-22 16:52:58.462 | parallel-2 | n.s.r.e.SkillNotFoundException:9 | [skillrater] ERROR | SkillNotFoundException
[skillrater] INFO | 2025-10-22 16:52:58.471 | boundedElastic-1 | n.s.r.c.SkillRatingRestController:91 | [skillrater] INFO | REST vote | IP=unknown | skillUUID=76244b69-4861-4d12-b473-86c41bcccc58 | type=UPVOTE
[skillrater] INFO | 2025-10-22 16:52:58.482 | parallel-4 | n.s.r.c.AppConfiguration:47 | [skillrater] INFO | Incoming request | POST | /api/v1/data/skill-vote | headers=[WebTestClient-Request-Id:"6", Content-Type:"application/json", Content-Length:"72"] 
[skillrater] ERROR | 2025-10-22 16:52:58.486 | parallel-4 | n.s.r.e.SkillNotFoundException:9 | [skillrater] ERROR | SkillNotFoundException
[skillrater] INFO | 2025-10-22 16:52:58.502 | boundedElastic-1 | n.s.r.c.SkillRatingRestController:91 | [skillrater] INFO | REST vote | IP=unknown | skillUUID=76244b69-4861-4d12-b473-86c41bcccc58 | type=UPVOTE
[skillrater] INFO | 2025-10-22 16:52:58.518 | parallel-6 | n.s.r.c.AppConfiguration:47 | [skillrater] INFO | Incoming request | POST | /api/v1/data/skill-vote | headers=[WebTestClient-Request-Id:"7", Content-Type:"application/json", Content-Length:"72"] 
[skillrater] ERROR | 2025-10-22 16:52:58.523 | parallel-6 | n.s.r.e.SkillNotFoundException:9 | [skillrater] ERROR | SkillNotFoundException
[skillrater] INFO | 2025-10-22 16:52:58.535 | boundedElastic-1 | n.s.r.c.SkillRatingRestController:91 | [skillrater] INFO | REST vote | IP=unknown | skillUUID=76244b69-4861-4d12-b473-86c41bcccc58 | type=UPVOTE
[skillrater] INFO | 2025-10-22 16:52:58.547 | parallel-8 | n.s.r.c.AppConfiguration:47 | [skillrater] INFO | Incoming request | POST | /api/v1/data/skill-vote | headers=[WebTestClient-Request-Id:"8", Content-Type:"application/json", Content-Length:"72"] 
[skillrater] ERROR | 2025-10-22 16:52:58.551 | parallel-8 | n.s.r.e.SkillNotFoundException:9 | [skillrater] ERROR | SkillNotFoundException
[skillrater] INFO | 2025-10-22 16:52:58.562 | boundedElastic-1 | n.s.r.c.SkillRatingRestController:91 | [skillrater] INFO | REST vote | IP=unknown | skillUUID=76244b69-4861-4d12-b473-86c41bcccc58 | type=UPVOTE
[skillrater] INFO | 2025-10-22 16:52:58.572 | parallel-2 | n.s.r.c.AppConfiguration:47 | [skillrater] INFO | Incoming request | POST | /api/v1/data/skill-vote | headers=[WebTestClient-Request-Id:"9", Content-Type:"application/json", Content-Length:"72"] 
[skillrater] ERROR | 2025-10-22 16:52:58.576 | parallel-2 | n.s.r.e.SkillNotFoundException:9 | [skillrater] ERROR | SkillNotFoundException
[skillrater] INFO | 2025-10-22 16:52:58.587 | boundedElastic-1 | n.s.r.c.SkillRatingRestController:91 | [skillrater] INFO | REST vote | IP=unknown | skillUUID=76244b69-4861-4d12-b473-86c41bcccc58 | type=UPVOTE
[skillrater] INFO | 2025-10-22 16:52:58.596 | parallel-4 | n.s.r.c.AppConfiguration:47 | [skillrater] INFO | Incoming request | POST | /api/v1/data/skill-vote | headers=[WebTestClient-Request-Id:"10", Content-Type:"application/json", Content-Length:"72"] 
[skillrater] ERROR | 2025-10-22 16:52:58.598 | parallel-4 | n.s.r.e.SkillNotFoundException:9 | [skillrater] ERROR | SkillNotFoundException
[skillrater] INFO | 2025-10-22 16:52:58.608 | boundedElastic-1 | n.s.r.c.SkillRatingRestController:91 | [skillrater] INFO | REST vote | IP=unknown | skillUUID=76244b69-4861-4d12-b473-86c41bcccc58 | type=UPVOTE
[skillrater] INFO | 2025-10-22 16:52:58.616 | parallel-6 | n.s.r.c.AppConfiguration:47 | [skillrater] INFO | Incoming request | POST | /api/v1/data/skill-vote | headers=[WebTestClient-Request-Id:"11", Content-Type:"application/json", Content-Length:"72"] 
[skillrater] ERROR | 2025-10-22 16:52:58.618 | parallel-6 | n.s.r.e.SkillNotFoundException:9 | [skillrater] ERROR | SkillNotFoundException
[skillrater] WARN | 2025-10-22 16:52:58.619 | parallel-6 | n.s.r.c.SkillRatingRestController:104 | [skillrater] WARN | Rate limit exceeded for IP=unknown
[skillrater] INFO | 2025-10-22 16:52:58.636 | boundedElastic-1 | n.s.reactive.async.VoteQueue:44 | [skillrater] INFO | queued vote processed for 76244b69-4861-4d12-b473-86c41bcccc58
[skillrater] INFO | 2025-10-22 16:52:58.686 | parallel-8 | n.s.r.c.AppConfiguration:47 | [skillrater] INFO | Incoming request | POST | /api/v1/data/skill-vote | headers=[WebTestClient-Request-Id:"12", Content-Type:"application/json", Content-Length:"72"] 
[skillrater] ERROR | 2025-10-22 16:52:58.690 | parallel-8 | n.s.r.e.SkillNotFoundException:9 | [skillrater] ERROR | SkillNotFoundException
[skillrater] INFO | 2025-10-22 16:52:58.699 | boundedElastic-1 | n.s.r.c.SkillRatingRestController:91 | [skillrater] INFO | REST vote | IP=unknown | skillUUID=83aca005-e2ca-4df7-8de7-c1d5981beff8 | type=UPVOTE
[skillrater] INFO | 2025-10-22 16:52:58.709 | parallel-2 | n.s.r.c.AppConfiguration:47 | [skillrater] INFO | Incoming request | POST | /api/v1/data/skill-vote | headers=[WebTestClient-Request-Id:"13", Content-Type:"application/json", Content-Length:"72"] 
[skillrater] ERROR | 2025-10-22 16:52:58.713 | parallel-2 | n.s.r.e.SkillNotFoundException:9 | [skillrater] ERROR | SkillNotFoundException
[skillrater] INFO | 2025-10-22 16:52:58.735 | boundedElastic-1 | n.s.r.c.SkillRatingRestController:91 | [skillrater] INFO | REST vote | IP=unknown | skillUUID=83aca005-e2ca-4df7-8de7-c1d5981beff8 | type=UPVOTE
[skillrater] INFO | 2025-10-22 16:52:58.750 | parallel-4 | n.s.r.c.AppConfiguration:47 | [skillrater] INFO | Incoming request | POST | /api/v1/data/skill-vote | headers=[WebTestClient-Request-Id:"14", Content-Type:"application/json", Content-Length:"72"] 
[skillrater] ERROR | 2025-10-22 16:52:58.754 | parallel-4 | n.s.r.e.SkillNotFoundException:9 | [skillrater] ERROR | SkillNotFoundException
[skillrater] INFO | 2025-10-22 16:52:58.765 | boundedElastic-1 | n.s.r.c.SkillRatingRestController:91 | [skillrater] INFO | REST vote | IP=unknown | skillUUID=83aca005-e2ca-4df7-8de7-c1d5981beff8 | type=UPVOTE
[skillrater] INFO | 2025-10-22 16:52:58.776 | parallel-6 | n.s.r.c.AppConfiguration:47 | [skillrater] INFO | Incoming request | POST | /api/v1/data/skill-vote | headers=[WebTestClient-Request-Id:"15", Content-Type:"application/json", Content-Length:"72"] 
[skillrater] ERROR | 2025-10-22 16:52:58.782 | parallel-6 | n.s.r.e.SkillNotFoundException:9 | [skillrater] ERROR | SkillNotFoundException
[skillrater] INFO | 2025-10-22 16:52:58.794 | boundedElastic-1 | n.s.r.c.SkillRatingRestController:91 | [skillrater] INFO | REST vote | IP=unknown | skillUUID=83aca005-e2ca-4df7-8de7-c1d5981beff8 | type=UPVOTE
[skillrater] INFO | 2025-10-22 16:52:58.805 | parallel-8 | n.s.r.c.AppConfiguration:47 | [skillrater] INFO | Incoming request | POST | /api/v1/data/skill-vote | headers=[WebTestClient-Request-Id:"16", Content-Type:"application/json", Content-Length:"72"] 
[skillrater] ERROR | 2025-10-22 16:52:58.811 | parallel-8 | n.s.r.e.SkillNotFoundException:9 | [skillrater] ERROR | SkillNotFoundException
[skillrater] INFO | 2025-10-22 16:52:58.821 | boundedElastic-1 | n.s.r.c.SkillRatingRestController:91 | [skillrater] INFO | REST vote | IP=unknown | skillUUID=83aca005-e2ca-4df7-8de7-c1d5981beff8 | type=UPVOTE
[skillrater] INFO | 2025-10-22 16:52:58.829 | parallel-2 | n.s.r.c.AppConfiguration:47 | [skillrater] INFO | Incoming request | POST | /api/v1/data/skill-vote | headers=[WebTestClient-Request-Id:"17", Content-Type:"application/json", Content-Length:"72"] 
[skillrater] ERROR | 2025-10-22 16:52:58.832 | parallel-2 | n.s.r.e.SkillNotFoundException:9 | [skillrater] ERROR | SkillNotFoundException
[skillrater] INFO | 2025-10-22 16:52:58.838 | boundedElastic-1 | n.s.r.c.SkillRatingRestController:91 | [skillrater] INFO | REST vote | IP=unknown | skillUUID=83aca005-e2ca-4df7-8de7-c1d5981beff8 | type=UPVOTE
[skillrater] INFO | 2025-10-22 16:52:58.848 | parallel-4 | n.s.r.c.AppConfiguration:47 | [skillrater] INFO | Incoming request | POST | /api/v1/data/skill-vote | headers=[WebTestClient-Request-Id:"18", Content-Type:"application/json", Content-Length:"72"] 
[skillrater] ERROR | 2025-10-22 16:52:58.851 | parallel-4 | n.s.r.e.SkillNotFoundException:9 | [skillrater] ERROR | SkillNotFoundException
[skillrater] INFO | 2025-10-22 16:52:58.858 | boundedElastic-1 | n.s.r.c.SkillRatingRestController:91 | [skillrater] INFO | REST vote | IP=unknown | skillUUID=83aca005-e2ca-4df7-8de7-c1d5981beff8 | type=UPVOTE
[skillrater] INFO | 2025-10-22 16:52:58.865 | parallel-6 | n.s.r.c.AppConfiguration:47 | [skillrater] INFO | Incoming request | POST | /api/v1/data/skill-vote | headers=[WebTestClient-Request-Id:"19", Content-Type:"application/json", Content-Length:"72"] 
[skillrater] ERROR | 2025-10-22 16:52:58.868 | parallel-6 | n.s.r.e.SkillNotFoundException:9 | [skillrater] ERROR | SkillNotFoundException
[skillrater] INFO | 2025-10-22 16:52:58.876 | boundedElastic-1 | n.s.r.c.SkillRatingRestController:91 | [skillrater] INFO | REST vote | IP=unknown | skillUUID=83aca005-e2ca-4df7-8de7-c1d5981beff8 | type=UPVOTE
[skillrater] INFO | 2025-10-22 16:52:58.882 | parallel-8 | n.s.r.c.AppConfiguration:47 | [skillrater] INFO | Incoming request | POST | /api/v1/data/skill-vote | headers=[WebTestClient-Request-Id:"20", Content-Type:"application/json", Content-Length:"72"] 
[skillrater] ERROR | 2025-10-22 16:52:58.885 | parallel-8 | n.s.r.e.SkillNotFoundException:9 | [skillrater] ERROR | SkillNotFoundException
[skillrater] INFO | 2025-10-22 16:52:58.893 | boundedElastic-1 | n.s.r.c.SkillRatingRestController:91 | [skillrater] INFO | REST vote | IP=unknown | skillUUID=83aca005-e2ca-4df7-8de7-c1d5981beff8 | type=UPVOTE
[skillrater] INFO | 2025-10-22 16:52:58.902 | parallel-2 | n.s.r.c.AppConfiguration:47 | [skillrater] INFO | Incoming request | POST | /api/v1/data/skill-vote | headers=[WebTestClient-Request-Id:"21", Content-Type:"application/json", Content-Length:"72"] 
[skillrater] ERROR | 2025-10-22 16:52:58.906 | parallel-2 | n.s.r.e.SkillNotFoundException:9 | [skillrater] ERROR | SkillNotFoundException
[skillrater] INFO | 2025-10-22 16:52:58.912 | boundedElastic-1 | n.s.r.c.SkillRatingRestController:91 | [skillrater] INFO | REST vote | IP=unknown | skillUUID=83aca005-e2ca-4df7-8de7-c1d5981beff8 | type=UPVOTE
[skillrater] INFO | 2025-10-22 16:52:58.919 | parallel-4 | n.s.r.c.AppConfiguration:47 | [skillrater] INFO | Incoming request | POST | /api/v1/data/skill-vote | headers=[WebTestClient-Request-Id:"22", Content-Type:"application/json", Content-Length:"72"] 
[skillrater] ERROR | 2025-10-22 16:52:58.922 | parallel-4 | n.s.r.e.SkillNotFoundException:9 | [skillrater] ERROR | SkillNotFoundException
[skillrater] WARN | 2025-10-22 16:52:58.923 | parallel-4 | n.s.r.c.SkillRatingRestController:104 | [skillrater] WARN | Rate limit exceeded for IP=unknown
[skillrater] INFO | 2025-10-22 16:52:58.956 | main | o.s.t.c.s.AnnotationConfigContextLoaderUtils:83 | Could not detect default configuration classes for test class [nk.springprojects.reactive.unittest.DatabaseTest]: DatabaseTest does not declare any static, non-private, non-final, nested classes annotated with @Configuration.
[skillrater] ERROR | 2025-10-22 16:52:59.298 | main | n.s.r.e.SkillNotFoundException:9 | [skillrater] ERROR | SkillNotFoundException
[skillrater] ERROR | 2025-10-22 16:52:59.321 | main | n.s.r.e.SkillNotFoundException:9 | [skillrater] ERROR | SkillNotFoundException
[skillrater] ERROR | 2025-10-22 16:52:59.329 | main | n.s.r.e.SkillNotFoundException:9 | [skillrater] ERROR | SkillNotFoundException
[skillrater] ERROR | 2025-10-22 16:52:59.337 | main | n.s.r.e.SkillNotFoundException:9 | [skillrater] ERROR | SkillNotFoundException
[skillrater] INFO | 2025-10-22 16:52:59.347 | main | o.s.t.c.s.AnnotationConfigContextLoaderUtils:83 | Could not detect default configuration classes for test class [nk.springprojects.reactive.SpringReactiveApplicationTests]: SpringReactiveApplicationTests does not declare any static, non-private, non-final, nested classes annotated with @Configuration.
[skillrater] INFO | 2025-10-22 16:52:59.363 | main | o.s.b.t.c.SpringBootTestContextBootstrapper:234 | Found @SpringBootConfiguration nk.springprojects.reactive.SpringReactiveApplication for test class nk.springprojects.reactive.SpringReactiveApplicationTests
[skillrater] INFO | 2025-10-22 16:52:59.441 | main | n.s.r.SpringReactiveApplicationTests:50 | Starting SpringReactiveApplicationTests using Java 17.0.16 with PID 118636 (started by nklinux in /home/nklinux/Documents/workspace/projects/skillrater)
[skillrater] INFO | 2025-10-22 16:52:59.441 | main | n.s.r.SpringReactiveApplicationTests:654 | No active profile set, falling back to 1 default profile: "dev"
[skillrater] INFO | 2025-10-22 16:52:59.980 | main | o.s.d.r.c.RepositoryConfigurationDelegate:143 | Bootstrapping Spring Data R2DBC repositories in DEFAULT mode.
[skillrater] INFO | 2025-10-22 16:53:00.000 | main | o.s.d.r.c.RepositoryConfigurationDelegate:211 | Finished Spring Data repository scanning in 19 ms. Found 3 R2DBC repository interfaces.
[skillrater] INFO | 2025-10-22 16:53:00.181 | main | c.g.j.r.m.MysqlConnectionFactoryProvider:52 | set jasync.mysql.CLIENT_FOUND_ROWS=true
[skillrater] INFO | 2025-10-22 16:53:00.187 | main | c.g.jasync.sql.db.util.NettyUtils:38 | jasync available transport - native (epoll)
[skillrater] INFO | 2025-10-22 16:53:01.239 | main | o.f.c.i.r.ResourceNameValidator:37 | 1 SQL migrations were detected but not run because they did not follow the filename convention.
[skillrater] INFO | 2025-10-22 16:53:01.240 | main | o.f.c.i.r.ResourceNameValidator:37 | Set 'validateMigrationNaming' to true to fail fast and see a list of the invalid file names.
[skillrater] INFO | 2025-10-22 16:53:01.282 | main | org.flywaydb.core.FlywayExecutor:37 | Database: jdbc:mysql://localhost:3306/javatutos (MySQL 8.0)
[skillrater] INFO | 2025-10-22 16:53:01.365 | main | o.f.core.internal.command.DbValidate:37 | Successfully validated 10 migrations (execution time 00:00.048s)
[skillrater] INFO | 2025-10-22 16:53:01.391 | main | o.f.core.internal.command.DbMigrate:37 | Current version of schema `javatutos`: 11
[skillrater] INFO | 2025-10-22 16:53:01.396 | main | o.f.core.internal.command.DbMigrate:37 | Schema `javatutos` is up to date. No migration necessary.
[skillrater] INFO | 2025-10-22 16:53:01.457 | main | n.s.r.SpringReactiveApplicationTests:56 | Started SpringReactiveApplicationTests in 2.073 seconds (process running for 12.191)
[skillrater] INFO | 2025-10-22 16:53:01.630 | db-sql-netty-thread-2 | n.s.r.c.ApplicationSeeder:75 | ℹ️ Guest user already exists, skipping creation.
[skillrater] INFO | 2025-10-22 16:53:01.752 | main | n.s.r.c.ApplicationSeeder:106 | ===========> Can start vote simulation now
[skillrater] INFO | 2025-10-22 16:53:01.753 | main | n.s.r.async.DBSeedCompletedEvent:10 | [skillrater] INFO | DB seeding completed event created
[skillrater] INFO | 2025-10-22 16:53:01.755 | main | n.s.r.SpringReactiveApplication:56 | [skillrater] INFO | Application started and ready
[skillrater] INFO | 2025-10-22 16:53:01.775 | SpringApplicationShutdownHook | n.s.r.SpringReactiveApplication:61 | [skillrater] INFO | Application stopping
[skillrater] INFO | 2025-10-22 16:53:03.812 | SpringApplicationShutdownHook | n.s.r.SpringReactiveApplication:61 | [skillrater] INFO | Application stopping
[skillrater] INFO | 2025-10-22 16:53:04.497 | db-sql-netty-thread-4 | n.s.reactive.async.ThreadComponent:58 | [skillrater] INFO | new vote simulation added
[skillrater] INFO | 2025-10-22 16:53:05.824 | SpringApplicationShutdownHook | n.s.r.SpringReactiveApplication:61 | [skillrater] INFO | Application stopping
[skillrater] INFO | 2025-10-22 21:19:08.430 | main | n.s.r.SpringReactiveApplication:50 | Starting SpringReactiveApplication using Java 17.0.16 with PID 136881 (/home/nklinux/Documents/workspace/projects/skillrater/target/classes started by nklinux in /home/nklinux/Documents/workspace/projects/skillrater)
[skillrater] INFO | 2025-10-22 21:19:08.434 | main | n.s.r.SpringReactiveApplication:654 | No active profile set, falling back to 1 default profile: "dev"
[skillrater] INFO | 2025-10-22 21:19:10.002 | main | o.s.d.r.c.RepositoryConfigurationDelegate:143 | Bootstrapping Spring Data R2DBC repositories in DEFAULT mode.
[skillrater] INFO | 2025-10-22 21:19:10.157 | main | o.s.d.r.c.RepositoryConfigurationDelegate:211 | Finished Spring Data repository scanning in 150 ms. Found 3 R2DBC repository interfaces.
[skillrater] INFO | 2025-10-22 21:19:10.828 | main | c.g.j.r.m.MysqlConnectionFactoryProvider:52 | set jasync.mysql.CLIENT_FOUND_ROWS=true
[skillrater] INFO | 2025-10-22 21:19:10.856 | main | c.g.jasync.sql.db.util.NettyUtils:38 | jasync available transport - native (epoll)
[skillrater] INFO | 2025-10-22 21:19:11.861 | main | o.s.b.a.e.web.EndpointLinksResolver:60 | Exposing 1 endpoint beneath base path '/actuator'
[skillrater] INFO | 2025-10-22 21:19:12.647 | main | o.f.c.i.r.ResourceNameValidator:37 | 1 SQL migrations were detected but not run because they did not follow the filename convention.
[skillrater] INFO | 2025-10-22 21:19:12.647 | main | o.f.c.i.r.ResourceNameValidator:37 | Set 'validateMigrationNaming' to true to fail fast and see a list of the invalid file names.
[skillrater] INFO | 2025-10-22 21:19:12.680 | main | org.flywaydb.core.FlywayExecutor:37 | Database: jdbc:mysql://localhost:3306/javatutos (MySQL 8.0)
[skillrater] INFO | 2025-10-22 21:19:12.738 | main | o.f.core.internal.command.DbValidate:37 | Successfully validated 10 migrations (execution time 00:00.035s)
[skillrater] INFO | 2025-10-22 21:19:12.757 | main | o.f.core.internal.command.DbMigrate:37 | Current version of schema `javatutos`: 11
[skillrater] INFO | 2025-10-22 21:19:12.761 | main | o.f.core.internal.command.DbMigrate:37 | Schema `javatutos` is up to date. No migration necessary.
[skillrater] INFO | 2025-10-22 21:19:13.000 | main | o.s.b.w.e.netty.NettyWebServer:141 | Netty started on port 8080 (http)
[skillrater] INFO | 2025-10-22 21:19:13.027 | main | n.s.r.SpringReactiveApplication:56 | Started SpringReactiveApplication in 5.506 seconds (process running for 6.116)
[skillrater] INFO | 2025-10-22 21:19:13.214 | db-sql-netty-thread-2 | n.s.r.c.ApplicationSeeder:75 | ℹ️ Guest user already exists, skipping creation.
[skillrater] INFO | 2025-10-22 21:19:13.326 | main | n.s.r.c.ApplicationSeeder:106 | ===========> Can start vote simulation now
[skillrater] INFO | 2025-10-22 21:19:13.326 | main | n.s.r.async.DBSeedCompletedEvent:10 | [skillrater] INFO | DB seeding completed event created
[skillrater] INFO | 2025-10-22 21:19:13.329 | main | n.s.r.SpringReactiveApplication:56 | [skillrater] INFO | Application started and ready
[skillrater] INFO | 2025-10-22 21:19:16.067 | db-sql-netty-thread-4 | n.s.reactive.async.ThreadComponent:58 | [skillrater] INFO | new vote simulation added
[skillrater] INFO | 2025-10-22 21:19:19.044 | db-sql-netty-thread-4 | n.s.reactive.async.ThreadComponent:58 | [skillrater] INFO | new vote simulation added
[skillrater] INFO | 2025-10-22 21:19:22.071 | db-sql-netty-thread-4 | n.s.reactive.async.ThreadComponent:58 | [skillrater] INFO | new vote simulation added
[skillrater] INFO | 2025-10-22 21:19:22.121 | parallel-2 | n.s.r.c.AppConfiguration:47 | [skillrater] INFO | Incoming request | GET | / | headers=[Host:"localhost:8080", Connection:"keep-alive", sec-ch-ua:""Chromium";v="140", "Not=A?Brand";v="24", "Google Chrome";v="140"", sec-ch-ua-mobile:"?0", sec-ch-ua-platform:""Linux"", Upgrade-Insecure-Requests:"1", User-Agent:"Mozilla/5.0 (X11; Linux x86_64) AppleWebKit/537.36 (KHTML, like Gecko) Chrome/140.0.0.0 Safari/537.36", Sec-Purpose:"prefetch;prerender", Purpose:"prefetch", Accept:"text/html,application/xhtml+xml,application/xml;q=0.9,image/avif,image/webp,image/apng,*/*;q=0.8,application/signed-exchange;v=b3;q=0.7", Sec-Fetch-Site:"none", Sec-Fetch-Mode:"navigate", Sec-Fetch-User:"?1", Sec-Fetch-Dest:"document", Accept-Encoding:"gzip, deflate, br, zstd", Accept-Language:"fr-FR,fr;q=0.9,en-US;q=0.8,en;q=0.7"] 
[skillrater] INFO | 2025-10-22 21:19:22.606 | parallel-3 | n.s.r.c.AppConfiguration:47 | [skillrater] INFO | Incoming request | GET | /css/app.css | headers=[Host:"localhost:8080", Connection:"keep-alive", sec-ch-ua-platform:""Linux"", User-Agent:"Mozilla/5.0 (X11; Linux x86_64) AppleWebKit/537.36 (KHTML, like Gecko) Chrome/140.0.0.0 Safari/537.36", sec-ch-ua:""Chromium";v="140", "Not=A?Brand";v="24", "Google Chrome";v="140"", Sec-Purpose:"prefetch;prerender", sec-ch-ua-mobile:"?0", Accept:"text/css,*/*;q=0.1", Purpose:"prefetch", Sec-Fetch-Site:"same-origin", Sec-Fetch-Mode:"no-cors", Sec-Fetch-Dest:"style", Accept-Encoding:"gzip, deflate, br, zstd", Accept-Language:"fr-FR,fr;q=0.9,en-US;q=0.8,en;q=0.7", Cookie:"XSRF-TOKEN=d66e132c-73de-4f97-8138-5993bee5adc3"] 
[skillrater] INFO | 2025-10-22 21:19:22.619 | parallel-4 | n.s.r.c.AppConfiguration:47 | [skillrater] INFO | Incoming request | GET | /img/spring-reactive-arch-v2.drawio.png | headers=[Host:"localhost:8080", Connection:"keep-alive", sec-ch-ua-platform:""Linux"", User-Agent:"Mozilla/5.0 (X11; Linux x86_64) AppleWebKit/537.36 (KHTML, like Gecko) Chrome/140.0.0.0 Safari/537.36", sec-ch-ua:""Chromium";v="140", "Not=A?Brand";v="24", "Google Chrome";v="140"", Sec-Purpose:"prefetch;prerender", sec-ch-ua-mobile:"?0", Accept:"image/avif,image/webp,image/apng,image/svg+xml,image/*,*/*;q=0.8", Purpose:"prefetch", Sec-Fetch-Site:"same-origin", Sec-Fetch-Mode:"no-cors", Sec-Fetch-Dest:"image", Accept-Encoding:"gzip, deflate, br, zstd", Accept-Language:"fr-FR,fr;q=0.9,en-US;q=0.8,en;q=0.7", Cookie:"XSRF-TOKEN=d66e132c-73de-4f97-8138-5993bee5adc3"] 
[skillrater] INFO | 2025-10-22 21:19:22.620 | parallel-5 | n.s.r.c.AppConfiguration:47 | [skillrater] INFO | Incoming request | GET | /img/springboot_cicd.png | headers=[Host:"localhost:8080", Connection:"keep-alive", sec-ch-ua-platform:""Linux"", User-Agent:"Mozilla/5.0 (X11; Linux x86_64) AppleWebKit/537.36 (KHTML, like Gecko) Chrome/140.0.0.0 Safari/537.36", sec-ch-ua:""Chromium";v="140", "Not=A?Brand";v="24", "Google Chrome";v="140"", Sec-Purpose:"prefetch;prerender", sec-ch-ua-mobile:"?0", Accept:"image/avif,image/webp,image/apng,image/svg+xml,image/*,*/*;q=0.8", Purpose:"prefetch", Sec-Fetch-Site:"same-origin", Sec-Fetch-Mode:"no-cors", Sec-Fetch-Dest:"image", Accept-Encoding:"gzip, deflate, br, zstd", Accept-Language:"fr-FR,fr;q=0.9,en-US;q=0.8,en;q=0.7", Cookie:"XSRF-TOKEN=d66e132c-73de-4f97-8138-5993bee5adc3"] 
[skillrater] INFO | 2025-10-22 21:19:22.742 | parallel-7 | n.s.r.c.AppConfiguration:47 | [skillrater] INFO | Incoming request | GET | /img/jmeter_result.png | headers=[Host:"localhost:8080", Connection:"keep-alive", sec-ch-ua-platform:""Linux"", User-Agent:"Mozilla/5.0 (X11; Linux x86_64) AppleWebKit/537.36 (KHTML, like Gecko) Chrome/140.0.0.0 Safari/537.36", sec-ch-ua:""Chromium";v="140", "Not=A?Brand";v="24", "Google Chrome";v="140"", Sec-Purpose:"prefetch;prerender", sec-ch-ua-mobile:"?0", Accept:"image/avif,image/webp,image/apng,image/svg+xml,image/*,*/*;q=0.8", Purpose:"prefetch", Sec-Fetch-Site:"same-origin", Sec-Fetch-Mode:"no-cors", Sec-Fetch-Dest:"image", Accept-Encoding:"gzip, deflate, br, zstd", Accept-Language:"fr-FR,fr;q=0.9,en-US;q=0.8,en;q=0.7", Cookie:"XSRF-TOKEN=d66e132c-73de-4f97-8138-5993bee5adc3"] 
[skillrater] INFO | 2025-10-22 21:19:22.742 | parallel-8 | n.s.r.c.AppConfiguration:47 | [skillrater] INFO | Incoming request | GET | /js/backtotop.js | headers=[Host:"localhost:8080", Connection:"keep-alive", sec-ch-ua-platform:""Linux"", User-Agent:"Mozilla/5.0 (X11; Linux x86_64) AppleWebKit/537.36 (KHTML, like Gecko) Chrome/140.0.0.0 Safari/537.36", sec-ch-ua:""Chromium";v="140", "Not=A?Brand";v="24", "Google Chrome";v="140"", Sec-Purpose:"prefetch;prerender", sec-ch-ua-mobile:"?0", Accept:"*/*", Purpose:"prefetch", Sec-Fetch-Site:"same-origin", Sec-Fetch-Mode:"no-cors", Sec-Fetch-Dest:"script", Accept-Encoding:"gzip, deflate, br, zstd", Accept-Language:"fr-FR,fr;q=0.9,en-US;q=0.8,en;q=0.7", Cookie:"XSRF-TOKEN=d66e132c-73de-4f97-8138-5993bee5adc3"] 
[skillrater] INFO | 2025-10-22 21:19:22.742 | parallel-6 | n.s.r.c.AppConfiguration:47 | [skillrater] INFO | Incoming request | GET | /img/splunk_perf_monitoring.png | headers=[Host:"localhost:8080", Connection:"keep-alive", sec-ch-ua-platform:""Linux"", User-Agent:"Mozilla/5.0 (X11; Linux x86_64) AppleWebKit/537.36 (KHTML, like Gecko) Chrome/140.0.0.0 Safari/537.36", sec-ch-ua:""Chromium";v="140", "Not=A?Brand";v="24", "Google Chrome";v="140"", Sec-Purpose:"prefetch;prerender", sec-ch-ua-mobile:"?0", Accept:"image/avif,image/webp,image/apng,image/svg+xml,image/*,*/*;q=0.8", Purpose:"prefetch", Sec-Fetch-Site:"same-origin", Sec-Fetch-Mode:"no-cors", Sec-Fetch-Dest:"image", Accept-Encoding:"gzip, deflate, br, zstd", Accept-Language:"fr-FR,fr;q=0.9,en-US;q=0.8,en;q=0.7", Cookie:"XSRF-TOKEN=d66e132c-73de-4f97-8138-5993bee5adc3"] 
[skillrater] INFO | 2025-10-22 21:19:22.756 | parallel-1 | n.s.r.c.AppConfiguration:47 | [skillrater] INFO | Incoming request | GET | /img/splunk_log_management.png | headers=[Host:"localhost:8080", Connection:"keep-alive", sec-ch-ua-platform:""Linux"", User-Agent:"Mozilla/5.0 (X11; Linux x86_64) AppleWebKit/537.36 (KHTML, like Gecko) Chrome/140.0.0.0 Safari/537.36", sec-ch-ua:""Chromium";v="140", "Not=A?Brand";v="24", "Google Chrome";v="140"", Sec-Purpose:"prefetch;prerender", sec-ch-ua-mobile:"?0", Accept:"image/avif,image/webp,image/apng,image/svg+xml,image/*,*/*;q=0.8", Purpose:"prefetch", Sec-Fetch-Site:"same-origin", Sec-Fetch-Mode:"no-cors", Sec-Fetch-Dest:"image", Accept-Encoding:"gzip, deflate, br, zstd", Accept-Language:"fr-FR,fr;q=0.9,en-US;q=0.8,en;q=0.7", Cookie:"XSRF-TOKEN=d66e132c-73de-4f97-8138-5993bee5adc3"] 
[skillrater] INFO | 2025-10-22 21:19:25.048 | db-sql-netty-thread-4 | n.s.reactive.async.ThreadComponent:58 | [skillrater] INFO | new vote simulation added
[skillrater] INFO | 2025-10-22 21:19:28.042 | db-sql-netty-thread-4 | n.s.reactive.async.ThreadComponent:58 | [skillrater] INFO | new vote simulation added
[skillrater] INFO | 2025-10-22 21:19:31.043 | db-sql-netty-thread-4 | n.s.reactive.async.ThreadComponent:58 | [skillrater] INFO | new vote simulation added
[skillrater] INFO | 2025-10-22 21:19:33.047 | parallel-2 | n.s.r.c.AppConfiguration:47 | [skillrater] INFO | Incoming request | GET | /actuator/health | headers=[Host:"localhost:8080", Connection:"keep-alive", sec-ch-ua:""Chromium";v="140", "Not=A?Brand";v="24", "Google Chrome";v="140"", sec-ch-ua-mobile:"?0", sec-ch-ua-platform:""Linux"", Upgrade-Insecure-Requests:"1", User-Agent:"Mozilla/5.0 (X11; Linux x86_64) AppleWebKit/537.36 (KHTML, like Gecko) Chrome/140.0.0.0 Safari/537.36", Accept:"text/html,application/xhtml+xml,application/xml;q=0.9,image/avif,image/webp,image/apng,*/*;q=0.8,application/signed-exchange;v=b3;q=0.7", Sec-Fetch-Site:"none", Sec-Fetch-Mode:"navigate", Sec-Fetch-User:"?1", Sec-Fetch-Dest:"document", Accept-Encoding:"gzip, deflate, br, zstd", Accept-Language:"fr-FR,fr;q=0.9,en-US;q=0.8,en;q=0.7", Cookie:"XSRF-TOKEN=d66e132c-73de-4f97-8138-5993bee5adc3"] 
[skillrater] INFO | 2025-10-22 21:19:34.049 | db-sql-netty-thread-4 | n.s.reactive.async.ThreadComponent:58 | [skillrater] INFO | new vote simulation added
[skillrater] INFO | 2025-10-22 21:19:34.362 | parallel-3 | n.s.r.c.AppConfiguration:47 | [skillrater] INFO | Incoming request | GET | /favicon.ico | headers=[Host:"localhost:8080", Connection:"keep-alive", sec-ch-ua-platform:""Linux"", User-Agent:"Mozilla/5.0 (X11; Linux x86_64) AppleWebKit/537.36 (KHTML, like Gecko) Chrome/140.0.0.0 Safari/537.36", sec-ch-ua:""Chromium";v="140", "Not=A?Brand";v="24", "Google Chrome";v="140"", sec-ch-ua-mobile:"?0", Accept:"image/avif,image/webp,image/apng,image/svg+xml,image/*,*/*;q=0.8", Sec-Fetch-Site:"same-origin", Sec-Fetch-Mode:"no-cors", Sec-Fetch-Dest:"image", Accept-Encoding:"gzip, deflate, br, zstd", Accept-Language:"fr-FR,fr;q=0.9,en-US;q=0.8,en;q=0.7", Cookie:"XSRF-TOKEN=d66e132c-73de-4f97-8138-5993bee5adc3"] 
[skillrater] INFO | 2025-10-22 21:19:37.052 | db-sql-netty-thread-4 | n.s.reactive.async.ThreadComponent:58 | [skillrater] INFO | new vote simulation added
[skillrater] INFO | 2025-10-22 21:19:40.047 | db-sql-netty-thread-4 | n.s.reactive.async.ThreadComponent:58 | [skillrater] INFO | new vote simulation added
[skillrater] INFO | 2025-10-22 21:19:43.042 | db-sql-netty-thread-4 | n.s.reactive.async.ThreadComponent:58 | [skillrater] INFO | new vote simulation added
[skillrater] INFO | 2025-10-22 21:19:46.049 | db-sql-netty-thread-4 | n.s.reactive.async.ThreadComponent:58 | [skillrater] INFO | new vote simulation added
[skillrater] INFO | 2025-10-22 21:19:46.392 | SpringApplicationShutdownHook | n.s.r.SpringReactiveApplication:61 | [skillrater] INFO | Application stopping
[skillrater] INFO | 2025-10-22 22:57:02.118 | main | n.s.r.integration.PublicVoteTest:50 | Starting PublicVoteTest using Java 17.0.16 with PID 145083 (started by nklinux in /home/nklinux/Documents/workspace/projects/skillrater)
[skillrater] INFO | 2025-10-22 22:57:02.119 | main | n.s.r.integration.PublicVoteTest:660 | The following 1 profile is active: "test"
[skillrater] INFO | 2025-10-22 22:57:04.290 | main | o.s.d.r.c.RepositoryConfigurationDelegate:143 | Bootstrapping Spring Data R2DBC repositories in DEFAULT mode.
[skillrater] INFO | 2025-10-22 22:57:04.454 | main | o.s.d.r.c.RepositoryConfigurationDelegate:211 | Finished Spring Data repository scanning in 158 ms. Found 3 R2DBC repository interfaces.
[skillrater] INFO | 2025-10-22 22:57:06.639 | main | o.s.b.a.e.web.EndpointLinksResolver:60 | Exposing 1 endpoint beneath base path '/actuator'
[skillrater] INFO | 2025-10-22 22:57:07.771 | main | o.s.b.w.e.netty.NettyWebServer:141 | Netty started on port 43523 (http)
[skillrater] INFO | 2025-10-22 22:57:07.816 | main | n.s.r.integration.PublicVoteTest:56 | Started PublicVoteTest in 6.243 seconds (process running for 7.601)
[skillrater] INFO | 2025-10-22 22:57:07.996 | main | n.s.r.c.ApplicationSeeder:95 | ===========> DB Seeding started
[skillrater] INFO | 2025-10-22 22:57:09.032 | main | n.s.r.c.ApplicationSeeder:104 | ===========> DB Seeding finished
[skillrater] INFO | 2025-10-22 22:57:09.032 | main | n.s.r.c.ApplicationSeeder:106 | ===========> Can start vote simulation now
[skillrater] INFO | 2025-10-22 22:57:09.033 | main | n.s.r.async.DBSeedCompletedEvent:10 | [skillrater] INFO | DB seeding completed event created
[skillrater] INFO | 2025-10-22 22:57:09.184 | main | n.s.r.c.ApplicationSeeder:72 | ✅ Creating default guest user: guest
[skillrater] INFO | 2025-10-22 22:57:09.193 | main | n.s.r.SpringReactiveApplication:51 | [skillrater] INFO | Application started and ready
[skillrater] INFO | 2025-10-22 22:57:10.266 | parallel-3 | n.s.r.c.AppConfiguration:47 | [skillrater] INFO | Incoming request | POST | /api/v1/data/skill-vote | headers=[WebTestClient-Request-Id:"1", Content-Type:"application/json", Content-Length:"45"] 
[skillrater] ERROR | 2025-10-22 22:57:10.309 | parallel-3 | n.s.r.e.SkillNotFoundException:9 | [skillrater] ERROR | SkillNotFoundException
[skillrater] INFO | 2025-10-22 22:57:10.340 | boundedElastic-1 | n.s.r.c.SkillRatingRestController:91 | [skillrater] INFO | REST vote | IP=unknown | skillUUID=abc-123 | type=DOWNVOTE
[skillrater] INFO | 2025-10-22 22:57:10.480 | parallel-5 | n.s.r.c.AppConfiguration:47 | [skillrater] INFO | Incoming request | POST | /api/v1/data/skill-vote | headers=[WebTestClient-Request-Id:"2", Content-Type:"application/json", Content-Length:"49"] 
[skillrater] ERROR | 2025-10-22 22:57:10.482 | parallel-5 | n.s.r.e.SkillNotFoundException:9 | [skillrater] ERROR | SkillNotFoundException
[skillrater] INFO | 2025-10-22 22:57:10.510 | parallel-7 | n.s.r.c.AppConfiguration:47 | [skillrater] INFO | Incoming request | POST | /api/v1/data/skill-vote | headers=[WebTestClient-Request-Id:"3", Content-Type:"application/json", Content-Length:"43"] 
[skillrater] ERROR | 2025-10-22 22:57:10.512 | parallel-7 | n.s.r.e.SkillNotFoundException:9 | [skillrater] ERROR | SkillNotFoundException
[skillrater] INFO | 2025-10-22 22:57:10.519 | boundedElastic-1 | n.s.r.c.SkillRatingRestController:91 | [skillrater] INFO | REST vote | IP=unknown | skillUUID=abc-123 | type=UPVOTE
[skillrater] INFO | 2025-10-22 22:57:10.563 | main | o.s.t.c.s.AnnotationConfigContextLoaderUtils:83 | Could not detect default configuration classes for test class [nk.springprojects.reactive.integration.RestVoteRateLimitingTestIT]: RestVoteRateLimitingTest does not declare any static, non-private, non-final, nested classes annotated with @Configuration.
[skillrater] INFO | 2025-10-22 22:57:10.573 | main | o.s.b.t.c.SpringBootTestContextBootstrapper:234 | Found @SpringBootConfiguration nk.springprojects.reactive.SpringReactiveApplication for test class nk.springprojects.reactive.integration.RestVoteRateLimitingTestIT
[skillrater] INFO | 2025-10-22 22:57:10.621 | main | n.s.r.i.RestVoteRateLimitingTest:50 | Starting RestVoteRateLimitingTest using Java 17.0.16 with PID 145083 (started by nklinux in /home/nklinux/Documents/workspace/projects/skillrater)
[skillrater] INFO | 2025-10-22 22:57:10.622 | main | n.s.r.i.RestVoteRateLimitingTest:660 | The following 1 profile is active: "test"
[skillrater] INFO | 2025-10-22 22:57:11.095 | main | o.s.d.r.c.RepositoryConfigurationDelegate:143 | Bootstrapping Spring Data R2DBC repositories in DEFAULT mode.
[skillrater] INFO | 2025-10-22 22:57:11.107 | main | o.s.d.r.c.RepositoryConfigurationDelegate:211 | Finished Spring Data repository scanning in 11 ms. Found 3 R2DBC repository interfaces.
[skillrater] INFO | 2025-10-22 22:57:12.255 | main | o.s.b.a.e.web.EndpointLinksResolver:60 | Exposing 1 endpoint beneath base path '/actuator'
[skillrater] INFO | 2025-10-22 22:57:12.634 | main | o.s.b.w.e.netty.NettyWebServer:141 | Netty started on port 42491 (http)
[skillrater] INFO | 2025-10-22 22:57:12.660 | main | n.s.r.i.RestVoteRateLimitingTest:56 | Started RestVoteRateLimitingTest in 2.071 seconds (process running for 12.446)
[skillrater] INFO | 2025-10-22 22:57:12.668 | main | n.s.r.c.ApplicationSeeder:75 | ℹ️ Guest user already exists, skipping creation.
[skillrater] INFO | 2025-10-22 22:57:12.682 | main | n.s.r.c.ApplicationSeeder:106 | ===========> Can start vote simulation now
[skillrater] INFO | 2025-10-22 22:57:12.682 | main | n.s.r.async.DBSeedCompletedEvent:10 | [skillrater] INFO | DB seeding completed event created
[skillrater] INFO | 2025-10-22 22:57:12.683 | main | n.s.r.SpringReactiveApplication:51 | [skillrater] INFO | Application started and ready
[skillrater] INFO | 2025-10-22 22:57:12.752 | parallel-2 | n.s.r.c.AppConfiguration:47 | [skillrater] INFO | Incoming request | POST | /api/v1/data/skill-vote | headers=[WebTestClient-Request-Id:"1", Content-Type:"application/json", Content-Length:"72"] 
[skillrater] ERROR | 2025-10-22 22:57:12.771 | parallel-2 | n.s.r.e.SkillNotFoundException:9 | [skillrater] ERROR | SkillNotFoundException
[skillrater] INFO | 2025-10-22 22:57:12.782 | boundedElastic-1 | n.s.r.c.SkillRatingRestController:91 | [skillrater] INFO | REST vote | IP=unknown | skillUUID=513fe7ce-b4ad-4ad7-8fec-190dbd9da7df | type=UPVOTE
[skillrater] INFO | 2025-10-22 22:57:12.801 | parallel-4 | n.s.r.c.AppConfiguration:47 | [skillrater] INFO | Incoming request | POST | /api/v1/data/skill-vote | headers=[WebTestClient-Request-Id:"2", Content-Type:"application/json", Content-Length:"72"] 
[skillrater] ERROR | 2025-10-22 22:57:12.804 | parallel-4 | n.s.r.e.SkillNotFoundException:9 | [skillrater] ERROR | SkillNotFoundException
[skillrater] INFO | 2025-10-22 22:57:12.812 | boundedElastic-1 | n.s.r.c.SkillRatingRestController:91 | [skillrater] INFO | REST vote | IP=unknown | skillUUID=513fe7ce-b4ad-4ad7-8fec-190dbd9da7df | type=UPVOTE
[skillrater] INFO | 2025-10-22 22:57:12.819 | parallel-6 | n.s.r.c.AppConfiguration:47 | [skillrater] INFO | Incoming request | POST | /api/v1/data/skill-vote | headers=[WebTestClient-Request-Id:"3", Content-Type:"application/json", Content-Length:"72"] 
[skillrater] ERROR | 2025-10-22 22:57:12.822 | parallel-6 | n.s.r.e.SkillNotFoundException:9 | [skillrater] ERROR | SkillNotFoundException
[skillrater] INFO | 2025-10-22 22:57:12.832 | boundedElastic-1 | n.s.r.c.SkillRatingRestController:91 | [skillrater] INFO | REST vote | IP=unknown | skillUUID=513fe7ce-b4ad-4ad7-8fec-190dbd9da7df | type=UPVOTE
[skillrater] INFO | 2025-10-22 22:57:12.842 | parallel-8 | n.s.r.c.AppConfiguration:47 | [skillrater] INFO | Incoming request | POST | /api/v1/data/skill-vote | headers=[WebTestClient-Request-Id:"4", Content-Type:"application/json", Content-Length:"72"] 
[skillrater] ERROR | 2025-10-22 22:57:12.846 | parallel-8 | n.s.r.e.SkillNotFoundException:9 | [skillrater] ERROR | SkillNotFoundException
[skillrater] INFO | 2025-10-22 22:57:12.855 | boundedElastic-1 | n.s.r.c.SkillRatingRestController:91 | [skillrater] INFO | REST vote | IP=unknown | skillUUID=513fe7ce-b4ad-4ad7-8fec-190dbd9da7df | type=UPVOTE
[skillrater] INFO | 2025-10-22 22:57:12.872 | parallel-2 | n.s.r.c.AppConfiguration:47 | [skillrater] INFO | Incoming request | POST | /api/v1/data/skill-vote | headers=[WebTestClient-Request-Id:"5", Content-Type:"application/json", Content-Length:"72"] 
[skillrater] ERROR | 2025-10-22 22:57:12.877 | parallel-2 | n.s.r.e.SkillNotFoundException:9 | [skillrater] ERROR | SkillNotFoundException
[skillrater] INFO | 2025-10-22 22:57:12.892 | boundedElastic-1 | n.s.r.c.SkillRatingRestController:91 | [skillrater] INFO | REST vote | IP=unknown | skillUUID=513fe7ce-b4ad-4ad7-8fec-190dbd9da7df | type=UPVOTE
[skillrater] INFO | 2025-10-22 22:57:12.911 | parallel-4 | n.s.r.c.AppConfiguration:47 | [skillrater] INFO | Incoming request | POST | /api/v1/data/skill-vote | headers=[WebTestClient-Request-Id:"6", Content-Type:"application/json", Content-Length:"72"] 
[skillrater] ERROR | 2025-10-22 22:57:12.915 | parallel-4 | n.s.r.e.SkillNotFoundException:9 | [skillrater] ERROR | SkillNotFoundException
[skillrater] INFO | 2025-10-22 22:57:12.932 | boundedElastic-1 | n.s.r.c.SkillRatingRestController:91 | [skillrater] INFO | REST vote | IP=unknown | skillUUID=513fe7ce-b4ad-4ad7-8fec-190dbd9da7df | type=UPVOTE
[skillrater] INFO | 2025-10-22 22:57:12.951 | parallel-6 | n.s.r.c.AppConfiguration:47 | [skillrater] INFO | Incoming request | POST | /api/v1/data/skill-vote | headers=[WebTestClient-Request-Id:"7", Content-Type:"application/json", Content-Length:"72"] 
[skillrater] ERROR | 2025-10-22 22:57:12.957 | parallel-6 | n.s.r.e.SkillNotFoundException:9 | [skillrater] ERROR | SkillNotFoundException
[skillrater] INFO | 2025-10-22 22:57:12.971 | boundedElastic-1 | n.s.r.c.SkillRatingRestController:91 | [skillrater] INFO | REST vote | IP=unknown | skillUUID=513fe7ce-b4ad-4ad7-8fec-190dbd9da7df | type=UPVOTE
[skillrater] INFO | 2025-10-22 22:57:12.991 | parallel-8 | n.s.r.c.AppConfiguration:47 | [skillrater] INFO | Incoming request | POST | /api/v1/data/skill-vote | headers=[WebTestClient-Request-Id:"8", Content-Type:"application/json", Content-Length:"72"] 
[skillrater] ERROR | 2025-10-22 22:57:12.995 | parallel-8 | n.s.r.e.SkillNotFoundException:9 | [skillrater] ERROR | SkillNotFoundException
[skillrater] INFO | 2025-10-22 22:57:13.004 | boundedElastic-1 | n.s.r.c.SkillRatingRestController:91 | [skillrater] INFO | REST vote | IP=unknown | skillUUID=513fe7ce-b4ad-4ad7-8fec-190dbd9da7df | type=UPVOTE
[skillrater] INFO | 2025-10-22 22:57:13.013 | parallel-2 | n.s.r.c.AppConfiguration:47 | [skillrater] INFO | Incoming request | POST | /api/v1/data/skill-vote | headers=[WebTestClient-Request-Id:"9", Content-Type:"application/json", Content-Length:"72"] 
[skillrater] ERROR | 2025-10-22 22:57:13.016 | parallel-2 | n.s.r.e.SkillNotFoundException:9 | [skillrater] ERROR | SkillNotFoundException
[skillrater] INFO | 2025-10-22 22:57:13.024 | boundedElastic-1 | n.s.r.c.SkillRatingRestController:91 | [skillrater] INFO | REST vote | IP=unknown | skillUUID=513fe7ce-b4ad-4ad7-8fec-190dbd9da7df | type=UPVOTE
[skillrater] INFO | 2025-10-22 22:57:13.032 | parallel-4 | n.s.r.c.AppConfiguration:47 | [skillrater] INFO | Incoming request | POST | /api/v1/data/skill-vote | headers=[WebTestClient-Request-Id:"10", Content-Type:"application/json", Content-Length:"72"] 
[skillrater] ERROR | 2025-10-22 22:57:13.035 | parallel-4 | n.s.r.e.SkillNotFoundException:9 | [skillrater] ERROR | SkillNotFoundException
[skillrater] INFO | 2025-10-22 22:57:13.043 | boundedElastic-1 | n.s.r.c.SkillRatingRestController:91 | [skillrater] INFO | REST vote | IP=unknown | skillUUID=513fe7ce-b4ad-4ad7-8fec-190dbd9da7df | type=UPVOTE
[skillrater] INFO | 2025-10-22 22:57:13.051 | parallel-6 | n.s.r.c.AppConfiguration:47 | [skillrater] INFO | Incoming request | POST | /api/v1/data/skill-vote | headers=[WebTestClient-Request-Id:"11", Content-Type:"application/json", Content-Length:"72"] 
[skillrater] ERROR | 2025-10-22 22:57:13.055 | parallel-6 | n.s.r.e.SkillNotFoundException:9 | [skillrater] ERROR | SkillNotFoundException
[skillrater] WARN | 2025-10-22 22:57:13.056 | parallel-6 | n.s.r.c.SkillRatingRestController:104 | [skillrater] WARN | Rate limit exceeded for IP=unknown
[skillrater] INFO | 2025-10-22 22:57:13.076 | boundedElastic-1 | n.s.reactive.async.VoteQueue:44 | [skillrater] INFO | queued vote processed for 513fe7ce-b4ad-4ad7-8fec-190dbd9da7df
[skillrater] INFO | 2025-10-22 22:57:13.150 | parallel-8 | n.s.r.c.AppConfiguration:47 | [skillrater] INFO | Incoming request | POST | /api/v1/data/skill-vote | headers=[WebTestClient-Request-Id:"12", Content-Type:"application/json", Content-Length:"72"] 
[skillrater] ERROR | 2025-10-22 22:57:13.155 | parallel-8 | n.s.r.e.SkillNotFoundException:9 | [skillrater] ERROR | SkillNotFoundException
[skillrater] INFO | 2025-10-22 22:57:13.168 | boundedElastic-1 | n.s.r.c.SkillRatingRestController:91 | [skillrater] INFO | REST vote | IP=unknown | skillUUID=fcac794b-31fd-4687-88ff-47c6334b0288 | type=UPVOTE
[skillrater] INFO | 2025-10-22 22:57:13.181 | parallel-2 | n.s.r.c.AppConfiguration:47 | [skillrater] INFO | Incoming request | POST | /api/v1/data/skill-vote | headers=[WebTestClient-Request-Id:"13", Content-Type:"application/json", Content-Length:"72"] 
[skillrater] ERROR | 2025-10-22 22:57:13.186 | parallel-2 | n.s.r.e.SkillNotFoundException:9 | [skillrater] ERROR | SkillNotFoundException
[skillrater] INFO | 2025-10-22 22:57:13.196 | boundedElastic-1 | n.s.r.c.SkillRatingRestController:91 | [skillrater] INFO | REST vote | IP=unknown | skillUUID=fcac794b-31fd-4687-88ff-47c6334b0288 | type=UPVOTE
[skillrater] INFO | 2025-10-22 22:57:13.211 | parallel-4 | n.s.r.c.AppConfiguration:47 | [skillrater] INFO | Incoming request | POST | /api/v1/data/skill-vote | headers=[WebTestClient-Request-Id:"14", Content-Type:"application/json", Content-Length:"72"] 
[skillrater] ERROR | 2025-10-22 22:57:13.215 | parallel-4 | n.s.r.e.SkillNotFoundException:9 | [skillrater] ERROR | SkillNotFoundException
[skillrater] INFO | 2025-10-22 22:57:13.224 | boundedElastic-1 | n.s.r.c.SkillRatingRestController:91 | [skillrater] INFO | REST vote | IP=unknown | skillUUID=fcac794b-31fd-4687-88ff-47c6334b0288 | type=UPVOTE
[skillrater] INFO | 2025-10-22 22:57:13.234 | parallel-6 | n.s.r.c.AppConfiguration:47 | [skillrater] INFO | Incoming request | POST | /api/v1/data/skill-vote | headers=[WebTestClient-Request-Id:"15", Content-Type:"application/json", Content-Length:"72"] 
[skillrater] ERROR | 2025-10-22 22:57:13.237 | parallel-6 | n.s.r.e.SkillNotFoundException:9 | [skillrater] ERROR | SkillNotFoundException
[skillrater] INFO | 2025-10-22 22:57:13.245 | boundedElastic-1 | n.s.r.c.SkillRatingRestController:91 | [skillrater] INFO | REST vote | IP=unknown | skillUUID=fcac794b-31fd-4687-88ff-47c6334b0288 | type=UPVOTE
[skillrater] INFO | 2025-10-22 22:57:13.255 | parallel-8 | n.s.r.c.AppConfiguration:47 | [skillrater] INFO | Incoming request | POST | /api/v1/data/skill-vote | headers=[WebTestClient-Request-Id:"16", Content-Type:"application/json", Content-Length:"72"] 
[skillrater] ERROR | 2025-10-22 22:57:13.260 | parallel-8 | n.s.r.e.SkillNotFoundException:9 | [skillrater] ERROR | SkillNotFoundException
[skillrater] INFO | 2025-10-22 22:57:13.268 | boundedElastic-1 | n.s.r.c.SkillRatingRestController:91 | [skillrater] INFO | REST vote | IP=unknown | skillUUID=fcac794b-31fd-4687-88ff-47c6334b0288 | type=UPVOTE
[skillrater] INFO | 2025-10-22 22:57:13.277 | parallel-2 | n.s.r.c.AppConfiguration:47 | [skillrater] INFO | Incoming request | POST | /api/v1/data/skill-vote | headers=[WebTestClient-Request-Id:"17", Content-Type:"application/json", Content-Length:"72"] 
[skillrater] ERROR | 2025-10-22 22:57:13.280 | parallel-2 | n.s.r.e.SkillNotFoundException:9 | [skillrater] ERROR | SkillNotFoundException
[skillrater] INFO | 2025-10-22 22:57:13.288 | boundedElastic-1 | n.s.r.c.SkillRatingRestController:91 | [skillrater] INFO | REST vote | IP=unknown | skillUUID=fcac794b-31fd-4687-88ff-47c6334b0288 | type=UPVOTE
[skillrater] INFO | 2025-10-22 22:57:13.300 | parallel-4 | n.s.r.c.AppConfiguration:47 | [skillrater] INFO | Incoming request | POST | /api/v1/data/skill-vote | headers=[WebTestClient-Request-Id:"18", Content-Type:"application/json", Content-Length:"72"] 
[skillrater] ERROR | 2025-10-22 22:57:13.302 | parallel-4 | n.s.r.e.SkillNotFoundException:9 | [skillrater] ERROR | SkillNotFoundException
[skillrater] INFO | 2025-10-22 22:57:13.309 | boundedElastic-1 | n.s.r.c.SkillRatingRestController:91 | [skillrater] INFO | REST vote | IP=unknown | skillUUID=fcac794b-31fd-4687-88ff-47c6334b0288 | type=UPVOTE
[skillrater] INFO | 2025-10-22 22:57:13.318 | parallel-6 | n.s.r.c.AppConfiguration:47 | [skillrater] INFO | Incoming request | POST | /api/v1/data/skill-vote | headers=[WebTestClient-Request-Id:"19", Content-Type:"application/json", Content-Length:"72"] 
[skillrater] ERROR | 2025-10-22 22:57:13.321 | parallel-6 | n.s.r.e.SkillNotFoundException:9 | [skillrater] ERROR | SkillNotFoundException
[skillrater] INFO | 2025-10-22 22:57:13.327 | boundedElastic-1 | n.s.r.c.SkillRatingRestController:91 | [skillrater] INFO | REST vote | IP=unknown | skillUUID=fcac794b-31fd-4687-88ff-47c6334b0288 | type=UPVOTE
[skillrater] INFO | 2025-10-22 22:57:13.338 | parallel-8 | n.s.r.c.AppConfiguration:47 | [skillrater] INFO | Incoming request | POST | /api/v1/data/skill-vote | headers=[WebTestClient-Request-Id:"20", Content-Type:"application/json", Content-Length:"72"] 
[skillrater] ERROR | 2025-10-22 22:57:13.346 | parallel-8 | n.s.r.e.SkillNotFoundException:9 | [skillrater] ERROR | SkillNotFoundException
[skillrater] INFO | 2025-10-22 22:57:13.356 | boundedElastic-1 | n.s.r.c.SkillRatingRestController:91 | [skillrater] INFO | REST vote | IP=unknown | skillUUID=fcac794b-31fd-4687-88ff-47c6334b0288 | type=UPVOTE
[skillrater] INFO | 2025-10-22 22:57:13.366 | parallel-2 | n.s.r.c.AppConfiguration:47 | [skillrater] INFO | Incoming request | POST | /api/v1/data/skill-vote | headers=[WebTestClient-Request-Id:"21", Content-Type:"application/json", Content-Length:"72"] 
[skillrater] ERROR | 2025-10-22 22:57:13.369 | parallel-2 | n.s.r.e.SkillNotFoundException:9 | [skillrater] ERROR | SkillNotFoundException
[skillrater] INFO | 2025-10-22 22:57:13.380 | boundedElastic-1 | n.s.r.c.SkillRatingRestController:91 | [skillrater] INFO | REST vote | IP=unknown | skillUUID=fcac794b-31fd-4687-88ff-47c6334b0288 | type=UPVOTE
[skillrater] INFO | 2025-10-22 22:57:13.389 | parallel-4 | n.s.r.c.AppConfiguration:47 | [skillrater] INFO | Incoming request | POST | /api/v1/data/skill-vote | headers=[WebTestClient-Request-Id:"22", Content-Type:"application/json", Content-Length:"72"] 
[skillrater] ERROR | 2025-10-22 22:57:13.392 | parallel-4 | n.s.r.e.SkillNotFoundException:9 | [skillrater] ERROR | SkillNotFoundException
[skillrater] WARN | 2025-10-22 22:57:13.393 | parallel-4 | n.s.r.c.SkillRatingRestController:104 | [skillrater] WARN | Rate limit exceeded for IP=unknown
[skillrater] INFO | 2025-10-22 22:57:13.426 | main | o.s.t.c.s.AnnotationConfigContextLoaderUtils:83 | Could not detect default configuration classes for test class [nk.springprojects.reactive.unittest.DatabaseTest]: DatabaseTest does not declare any static, non-private, non-final, nested classes annotated with @Configuration.
[skillrater] ERROR | 2025-10-22 22:57:13.771 | main | n.s.r.e.SkillNotFoundException:9 | [skillrater] ERROR | SkillNotFoundException
[skillrater] ERROR | 2025-10-22 22:57:13.787 | main | n.s.r.e.SkillNotFoundException:9 | [skillrater] ERROR | SkillNotFoundException
[skillrater] ERROR | 2025-10-22 22:57:13.794 | main | n.s.r.e.SkillNotFoundException:9 | [skillrater] ERROR | SkillNotFoundException
[skillrater] ERROR | 2025-10-22 22:57:13.800 | main | n.s.r.e.SkillNotFoundException:9 | [skillrater] ERROR | SkillNotFoundException
[skillrater] INFO | 2025-10-22 22:57:13.811 | main | o.s.t.c.s.AnnotationConfigContextLoaderUtils:83 | Could not detect default configuration classes for test class [nk.springprojects.reactive.SpringReactiveApplicationTests]: SpringReactiveApplicationTests does not declare any static, non-private, non-final, nested classes annotated with @Configuration.
[skillrater] INFO | 2025-10-22 22:57:13.826 | main | o.s.b.t.c.SpringBootTestContextBootstrapper:234 | Found @SpringBootConfiguration nk.springprojects.reactive.SpringReactiveApplication for test class nk.springprojects.reactive.SpringReactiveApplicationTests
[skillrater] INFO | 2025-10-22 22:57:13.900 | main | n.s.r.SpringReactiveApplicationTests:50 | Starting SpringReactiveApplicationTests using Java 17.0.16 with PID 145083 (started by nklinux in /home/nklinux/Documents/workspace/projects/skillrater)
[skillrater] INFO | 2025-10-22 22:57:13.901 | main | n.s.r.SpringReactiveApplicationTests:654 | No active profile set, falling back to 1 default profile: "dev"
[skillrater] INFO | 2025-10-22 22:57:14.642 | main | o.s.d.r.c.RepositoryConfigurationDelegate:143 | Bootstrapping Spring Data R2DBC repositories in DEFAULT mode.
[skillrater] INFO | 2025-10-22 22:57:14.657 | main | o.s.d.r.c.RepositoryConfigurationDelegate:211 | Finished Spring Data repository scanning in 14 ms. Found 3 R2DBC repository interfaces.
[skillrater] INFO | 2025-10-22 22:57:14.817 | main | c.g.j.r.m.MysqlConnectionFactoryProvider:52 | set jasync.mysql.CLIENT_FOUND_ROWS=true
[skillrater] INFO | 2025-10-22 22:57:14.836 | main | c.g.jasync.sql.db.util.NettyUtils:38 | jasync available transport - native (epoll)
[skillrater] INFO | 2025-10-22 22:57:15.229 | main | o.s.b.a.e.web.EndpointLinksResolver:60 | Exposing 1 endpoint beneath base path '/actuator'
[skillrater] INFO | 2025-10-22 22:57:16.273 | main | o.f.c.i.r.ResourceNameValidator:37 | 1 SQL migrations were detected but not run because they did not follow the filename convention.
[skillrater] INFO | 2025-10-22 22:57:16.274 | main | o.f.c.i.r.ResourceNameValidator:37 | Set 'validateMigrationNaming' to true to fail fast and see a list of the invalid file names.
[skillrater] INFO | 2025-10-22 22:57:16.324 | main | org.flywaydb.core.FlywayExecutor:37 | Database: jdbc:mysql://localhost:3306/javatutos (MySQL 8.0)
[skillrater] INFO | 2025-10-22 22:57:16.494 | main | o.f.core.internal.command.DbValidate:37 | Successfully validated 10 migrations (execution time 00:00.132s)
[skillrater] INFO | 2025-10-22 22:57:16.519 | main | o.f.core.internal.command.DbMigrate:37 | Current version of schema `javatutos`: 11
[skillrater] INFO | 2025-10-22 22:57:16.522 | main | o.f.core.internal.command.DbMigrate:37 | Schema `javatutos` is up to date. No migration necessary.
[skillrater] INFO | 2025-10-22 22:57:16.656 | main | n.s.r.SpringReactiveApplicationTests:56 | Started SpringReactiveApplicationTests in 2.808 seconds (process running for 16.441)
[skillrater] INFO | 2025-10-22 22:57:17.010 | main | n.s.r.c.ApplicationSeeder:106 | ===========> Can start vote simulation now
[skillrater] INFO | 2025-10-22 22:57:17.011 | main | n.s.r.async.DBSeedCompletedEvent:10 | [skillrater] INFO | DB seeding completed event created
[skillrater] INFO | 2025-10-22 22:57:17.023 | main | n.s.r.SpringReactiveApplication:51 | [skillrater] INFO | Application started and ready
[skillrater] INFO | 2025-10-22 22:57:17.039 | db-sql-netty-thread-2 | n.s.r.c.ApplicationSeeder:75 | ℹ️ Guest user already exists, skipping creation.
[skillrater] INFO | 2025-10-22 22:57:17.055 | SpringApplicationShutdownHook | n.s.r.SpringReactiveApplication:56 | [skillrater] INFO | Application stopping
[skillrater] INFO | 2025-10-22 22:57:19.094 | SpringApplicationShutdownHook | n.s.r.SpringReactiveApplication:56 | [skillrater] INFO | Application stopping
[skillrater] INFO | 2025-10-22 22:57:19.700 | db-sql-netty-thread-2 | n.s.reactive.async.ThreadComponent:58 | [skillrater] INFO | new vote simulation added
[skillrater] INFO | 2025-10-22 22:57:21.108 | SpringApplicationShutdownHook | n.s.r.SpringReactiveApplication:56 | [skillrater] INFO | Application stopping
