[skillrater] INFO | 2025-10-19 03:37:29.696 | main | n.s.r.SpringReactiveApplication:50 | Starting SpringReactiveApplication using Java 17.0.16 with PID 5601 (/home/nk-desktop/Documents/workspace/projects/toolvoter/target/classes started by nk-desktop in /home/nk-desktop/Documents/workspace/projects/toolvoter)
[skillrater] INFO | 2025-10-19 03:37:29.699 | main | n.s.r.SpringReactiveApplication:654 | No active profile set, falling back to 1 default profile: "dev"
[skillrater] INFO | 2025-10-19 03:37:32.754 | main | o.s.d.r.c.RepositoryConfigurationDelegate:143 | Bootstrapping Spring Data R2DBC repositories in DEFAULT mode.
[skillrater] INFO | 2025-10-19 03:37:33.032 | main | o.s.d.r.c.RepositoryConfigurationDelegate:211 | Finished Spring Data repository scanning in 242 ms. Found 3 R2DBC repository interfaces.
[skillrater] INFO | 2025-10-19 03:37:34.443 | main | c.g.j.r.m.MysqlConnectionFactoryProvider:52 | set jasync.mysql.CLIENT_FOUND_ROWS=true
[skillrater] INFO | 2025-10-19 03:37:34.560 | main | c.g.jasync.sql.db.util.NettyUtils:38 | jasync available transport - native (epoll)
[skillrater] INFO | 2025-10-19 03:37:37.575 | main | o.f.c.i.r.ResourceNameValidator:37 | 1 SQL migrations were detected but not run because they did not follow the filename convention.
[skillrater] INFO | 2025-10-19 03:37:37.577 | main | o.f.c.i.r.ResourceNameValidator:37 | Set 'validateMigrationNaming' to true to fail fast and see a list of the invalid file names.
[skillrater] WARN | 2025-10-19 03:37:37.598 | main | o.s.b.w.r.c.AnnotationConfigReactiveWebServerApplicationContext:633 | Exception encountered during context initialization - cancelling refresh attempt: org.springframework.beans.factory.BeanCreationException: Error creating bean with name 'flywayInitializer' defined in class path resource [org/springframework/boot/autoconfigure/flyway/FlywayAutoConfiguration$FlywayConfiguration.class]: Unable to obtain connection from database: Access denied for user 'app_user'@'localhost' (using password: YES)
--------------------------------------------------------------------------------------------------------------
SQL State  : 28000
Error Code : 1045
Message    : Access denied for user 'app_user'@'localhost' (using password: YES)

[skillrater] INFO | 2025-10-19 03:37:37.625 | main | o.s.b.a.l.ConditionEvaluationReportLogger:82 | 

Error starting ApplicationContext. To display the condition evaluation report re-run your application with 'debug' enabled.
[skillrater] ERROR | 2025-10-19 03:37:37.643 | main | o.s.boot.SpringApplication:859 | Application run failed
org.springframework.beans.factory.BeanCreationException: Error creating bean with name 'flywayInitializer' defined in class path resource [org/springframework/boot/autoconfigure/flyway/FlywayAutoConfiguration$FlywayConfiguration.class]: Unable to obtain connection from database: Access denied for user 'app_user'@'localhost' (using password: YES)
--------------------------------------------------------------------------------------------------------------
SQL State  : 28000
Error Code : 1045
Message    : Access denied for user 'app_user'@'localhost' (using password: YES)

	at org.springframework.beans.factory.support.AbstractAutowireCapableBeanFactory.initializeBean(AbstractAutowireCapableBeanFactory.java:1806)
	at org.springframework.beans.factory.support.AbstractAutowireCapableBeanFactory.doCreateBean(AbstractAutowireCapableBeanFactory.java:600)
	at org.springframework.beans.factory.support.AbstractAutowireCapableBeanFactory.createBean(AbstractAutowireCapableBeanFactory.java:522)
	at org.springframework.beans.factory.support.AbstractBeanFactory.lambda$doGetBean$0(AbstractBeanFactory.java:337)
	at org.springframework.beans.factory.support.DefaultSingletonBeanRegistry.getSingleton(DefaultSingletonBeanRegistry.java:234)
	at org.springframework.beans.factory.support.AbstractBeanFactory.doGetBean(AbstractBeanFactory.java:335)
	at org.springframework.beans.factory.support.AbstractBeanFactory.getBean(AbstractBeanFactory.java:200)
	at org.springframework.beans.factory.support.DefaultListableBeanFactory.preInstantiateSingletons(DefaultListableBeanFactory.java:975)
	at org.springframework.context.support.AbstractApplicationContext.finishBeanFactoryInitialization(AbstractApplicationContext.java:971)
	at org.springframework.context.support.AbstractApplicationContext.refresh(AbstractApplicationContext.java:625)
	at org.springframework.boot.web.reactive.context.ReactiveWebServerApplicationContext.refresh(ReactiveWebServerApplicationContext.java:66)
	at org.springframework.boot.SpringApplication.refresh(SpringApplication.java:754)
	at org.springframework.boot.SpringApplication.refreshContext(SpringApplication.java:456)
	at org.springframework.boot.SpringApplication.run(SpringApplication.java:335)
	at org.springframework.boot.SpringApplication.run(SpringApplication.java:1363)
	at org.springframework.boot.SpringApplication.run(SpringApplication.java:1352)
	at nk.springprojects.reactive.SpringReactiveApplication.main(SpringReactiveApplication.java:51)
Caused by: org.flywaydb.core.internal.exception.FlywaySqlException: Unable to obtain connection from database: Access denied for user 'app_user'@'localhost' (using password: YES)
--------------------------------------------------------------------------------------------------------------
SQL State  : 28000
Error Code : 1045
Message    : Access denied for user 'app_user'@'localhost' (using password: YES)

	at org.flywaydb.core.internal.jdbc.JdbcUtils.openConnection(JdbcUtils.java:60)
	at org.flywaydb.core.internal.jdbc.JdbcConnectionFactory.<init>(JdbcConnectionFactory.java:72)
	at org.flywaydb.core.FlywayExecutor.execute(FlywayExecutor.java:134)
	at org.flywaydb.core.Flyway.migrate(Flyway.java:147)
	at org.springframework.boot.autoconfigure.flyway.FlywayMigrationInitializer.afterPropertiesSet(FlywayMigrationInitializer.java:66)
	at org.springframework.beans.factory.support.AbstractAutowireCapableBeanFactory.invokeInitMethods(AbstractAutowireCapableBeanFactory.java:1853)
	at org.springframework.beans.factory.support.AbstractAutowireCapableBeanFactory.initializeBean(AbstractAutowireCapableBeanFactory.java:1802)
	... 16 common frames omitted
Caused by: java.sql.SQLException: Access denied for user 'app_user'@'localhost' (using password: YES)
	at com.mysql.cj.jdbc.exceptions.SQLError.createSQLException(SQLError.java:130)
	at com.mysql.cj.jdbc.exceptions.SQLExceptionsMapping.translateException(SQLExceptionsMapping.java:122)
	at com.mysql.cj.jdbc.ConnectionImpl.createNewIO(ConnectionImpl.java:815)
	at com.mysql.cj.jdbc.ConnectionImpl.<init>(ConnectionImpl.java:438)
	at com.mysql.cj.jdbc.ConnectionImpl.getInstance(ConnectionImpl.java:241)
	at com.mysql.cj.jdbc.NonRegisteringDriver.connect(NonRegisteringDriver.java:189)
	at org.springframework.jdbc.datasource.SimpleDriverDataSource.getConnectionFromDriver(SimpleDriverDataSource.java:144)
	at org.springframework.jdbc.datasource.AbstractDriverBasedDataSource.getConnectionFromDriver(AbstractDriverBasedDataSource.java:205)
	at org.springframework.jdbc.datasource.AbstractDriverBasedDataSource.getConnection(AbstractDriverBasedDataSource.java:169)
	at org.flywaydb.core.internal.jdbc.JdbcUtils.openConnection(JdbcUtils.java:48)
	... 22 common frames omitted
[skillrater] INFO | 2025-10-19 03:41:51.677 | main | n.s.r.SpringReactiveApplication:50 | Starting SpringReactiveApplication using Java 17.0.16 with PID 6245 (/home/nk-desktop/Documents/workspace/projects/toolvoter/target/classes started by nk-desktop in /home/nk-desktop/Documents/workspace/projects/toolvoter)
[skillrater] INFO | 2025-10-19 03:41:51.687 | main | n.s.r.SpringReactiveApplication:654 | No active profile set, falling back to 1 default profile: "dev"
[skillrater] INFO | 2025-10-19 03:41:53.455 | main | o.s.d.r.c.RepositoryConfigurationDelegate:143 | Bootstrapping Spring Data R2DBC repositories in DEFAULT mode.
[skillrater] INFO | 2025-10-19 03:41:53.628 | main | o.s.d.r.c.RepositoryConfigurationDelegate:211 | Finished Spring Data repository scanning in 166 ms. Found 3 R2DBC repository interfaces.
[skillrater] INFO | 2025-10-19 03:41:54.612 | main | c.g.j.r.m.MysqlConnectionFactoryProvider:52 | set jasync.mysql.CLIENT_FOUND_ROWS=true
[skillrater] INFO | 2025-10-19 03:41:54.648 | main | c.g.jasync.sql.db.util.NettyUtils:38 | jasync available transport - native (epoll)
[skillrater] INFO | 2025-10-19 03:41:56.830 | main | o.f.c.i.r.ResourceNameValidator:37 | 1 SQL migrations were detected but not run because they did not follow the filename convention.
[skillrater] INFO | 2025-10-19 03:41:56.831 | main | o.f.c.i.r.ResourceNameValidator:37 | Set 'validateMigrationNaming' to true to fail fast and see a list of the invalid file names.
[skillrater] INFO | 2025-10-19 03:41:56.891 | main | org.flywaydb.core.FlywayExecutor:37 | Database: jdbc:mysql://localhost:3306/javatutos (MySQL 8.0)
[skillrater] INFO | 2025-10-19 03:41:57.015 | main | o.f.core.internal.command.DbValidate:37 | Successfully validated 10 migrations (execution time 00:00.067s)
[skillrater] INFO | 2025-10-19 03:41:57.059 | main | o.f.core.internal.command.DbMigrate:37 | Current version of schema `javatutos`: 11
[skillrater] INFO | 2025-10-19 03:41:57.081 | main | o.f.core.internal.command.DbMigrate:37 | Schema `javatutos` is up to date. No migration necessary.
[skillrater] INFO | 2025-10-19 03:41:57.369 | main | o.s.b.w.e.netty.NettyWebServer:141 | Netty started on port 8080 (http)
[skillrater] INFO | 2025-10-19 03:41:57.392 | main | n.s.r.SpringReactiveApplication:56 | Started SpringReactiveApplication in 6.745 seconds (process running for 7.435)
[skillrater] INFO | 2025-10-19 03:41:57.887 | main | n.s.r.c.ApplicationSeeder:106 | ===========> Can start vote simulation now
[skillrater] INFO | 2025-10-19 03:41:57.888 | main | n.s.r.async.DBSeedCompletedEvent:10 | [skillrater] INFO | DB seeding completed event created
[skillrater] INFO | 2025-10-19 03:41:57.927 | main | n.s.r.SpringReactiveApplication:56 | [skillrater] INFO | Application started and ready
[skillrater] INFO | 2025-10-19 03:41:57.942 | db-sql-netty-thread-4 | n.s.r.c.ApplicationSeeder:75 | ℹ️ Guest user already exists, skipping creation.
[skillrater] INFO | 2025-10-19 03:42:00.558 | db-sql-netty-thread-4 | n.s.reactive.async.ThreadComponent:58 | [skillrater] INFO | new vote simulation added
[skillrater] INFO | 2025-10-19 03:42:03.522 | db-sql-netty-thread-4 | n.s.reactive.async.ThreadComponent:58 | [skillrater] INFO | new vote simulation added
[skillrater] INFO | 2025-10-19 03:42:05.906 | parallel-2 | n.s.r.c.AppConfiguration:47 | [skillrater] INFO | Incoming request | GET | / | headers=[Host:"localhost:8080", Connection:"keep-alive", sec-ch-ua:""Google Chrome";v="141", "Not?A_Brand";v="8", "Chromium";v="141"", sec-ch-ua-mobile:"?0", sec-ch-ua-platform:""Linux"", Upgrade-Insecure-Requests:"1", User-Agent:"Mozilla/5.0 (X11; Linux x86_64) AppleWebKit/537.36 (KHTML, like Gecko) Chrome/141.0.0.0 Safari/537.36", Sec-Purpose:"prefetch;prerender", Accept:"text/html,application/xhtml+xml,application/xml;q=0.9,image/avif,image/webp,image/apng,*/*;q=0.8,application/signed-exchange;v=b3;q=0.7", Sec-Fetch-Site:"none", Sec-Fetch-Mode:"navigate", Sec-Fetch-User:"?1", Sec-Fetch-Dest:"document", Accept-Encoding:"gzip, deflate, br, zstd", Accept-Language:"fr-FR,fr;q=0.9,en-US;q=0.8,en;q=0.7"] 
[skillrater] INFO | 2025-10-19 03:42:06.483 | db-sql-netty-thread-4 | n.s.reactive.async.ThreadComponent:58 | [skillrater] INFO | new vote simulation added
[skillrater] INFO | 2025-10-19 03:42:06.590 | parallel-3 | n.s.r.c.AppConfiguration:47 | [skillrater] INFO | Incoming request | GET | /css/app.css | headers=[Host:"localhost:8080", Connection:"keep-alive", sec-ch-ua-platform:""Linux"", User-Agent:"Mozilla/5.0 (X11; Linux x86_64) AppleWebKit/537.36 (KHTML, like Gecko) Chrome/141.0.0.0 Safari/537.36", sec-ch-ua:""Google Chrome";v="141", "Not?A_Brand";v="8", "Chromium";v="141"", Sec-Purpose:"prefetch;prerender", sec-ch-ua-mobile:"?0", Accept:"text/css,*/*;q=0.1", Sec-Fetch-Site:"same-origin", Sec-Fetch-Mode:"no-cors", Sec-Fetch-Dest:"style", Accept-Encoding:"gzip, deflate, br, zstd", Accept-Language:"fr-FR,fr;q=0.9,en-US;q=0.8,en;q=0.7", Cookie:"XSRF-TOKEN=04d6e741-8a43-4b4f-a283-113a99359d76"] 
[skillrater] INFO | 2025-10-19 03:42:06.591 | parallel-1 | n.s.r.c.AppConfiguration:47 | [skillrater] INFO | Incoming request | GET | /img/springboot_cicd.png | headers=[Host:"localhost:8080", Connection:"keep-alive", sec-ch-ua-platform:""Linux"", User-Agent:"Mozilla/5.0 (X11; Linux x86_64) AppleWebKit/537.36 (KHTML, like Gecko) Chrome/141.0.0.0 Safari/537.36", sec-ch-ua:""Google Chrome";v="141", "Not?A_Brand";v="8", "Chromium";v="141"", Sec-Purpose:"prefetch;prerender", sec-ch-ua-mobile:"?0", Accept:"image/avif,image/webp,image/apng,image/svg+xml,image/*,*/*;q=0.8", Sec-Fetch-Site:"same-origin", Sec-Fetch-Mode:"no-cors", Sec-Fetch-Dest:"image", Accept-Encoding:"gzip, deflate, br, zstd", Accept-Language:"fr-FR,fr;q=0.9,en-US;q=0.8,en;q=0.7", Cookie:"XSRF-TOKEN=04d6e741-8a43-4b4f-a283-113a99359d76"] 
[skillrater] INFO | 2025-10-19 03:42:06.594 | parallel-4 | n.s.r.c.AppConfiguration:47 | [skillrater] INFO | Incoming request | GET | /img/spring-reactive-arch-v2.drawio.png | headers=[Host:"localhost:8080", Connection:"keep-alive", sec-ch-ua-platform:""Linux"", User-Agent:"Mozilla/5.0 (X11; Linux x86_64) AppleWebKit/537.36 (KHTML, like Gecko) Chrome/141.0.0.0 Safari/537.36", sec-ch-ua:""Google Chrome";v="141", "Not?A_Brand";v="8", "Chromium";v="141"", Sec-Purpose:"prefetch;prerender", sec-ch-ua-mobile:"?0", Accept:"image/avif,image/webp,image/apng,image/svg+xml,image/*,*/*;q=0.8", Sec-Fetch-Site:"same-origin", Sec-Fetch-Mode:"no-cors", Sec-Fetch-Dest:"image", Accept-Encoding:"gzip, deflate, br, zstd", Accept-Language:"fr-FR,fr;q=0.9,en-US;q=0.8,en;q=0.7", Cookie:"XSRF-TOKEN=04d6e741-8a43-4b4f-a283-113a99359d76"] 
[skillrater] INFO | 2025-10-19 03:42:06.790 | parallel-2 | n.s.r.c.AppConfiguration:47 | [skillrater] INFO | Incoming request | GET | /js/backtotop.js | headers=[Host:"localhost:8080", Connection:"keep-alive", sec-ch-ua-platform:""Linux"", User-Agent:"Mozilla/5.0 (X11; Linux x86_64) AppleWebKit/537.36 (KHTML, like Gecko) Chrome/141.0.0.0 Safari/537.36", sec-ch-ua:""Google Chrome";v="141", "Not?A_Brand";v="8", "Chromium";v="141"", Sec-Purpose:"prefetch;prerender", sec-ch-ua-mobile:"?0", Accept:"*/*", Sec-Fetch-Site:"same-origin", Sec-Fetch-Mode:"no-cors", Sec-Fetch-Dest:"script", Accept-Encoding:"gzip, deflate, br, zstd", Accept-Language:"fr-FR,fr;q=0.9,en-US;q=0.8,en;q=0.7", Cookie:"XSRF-TOKEN=04d6e741-8a43-4b4f-a283-113a99359d76"] 
[skillrater] INFO | 2025-10-19 03:42:06.793 | parallel-3 | n.s.r.c.AppConfiguration:47 | [skillrater] INFO | Incoming request | GET | /img/splunk_perf_monitoring.png | headers=[Host:"localhost:8080", Connection:"keep-alive", sec-ch-ua-platform:""Linux"", User-Agent:"Mozilla/5.0 (X11; Linux x86_64) AppleWebKit/537.36 (KHTML, like Gecko) Chrome/141.0.0.0 Safari/537.36", sec-ch-ua:""Google Chrome";v="141", "Not?A_Brand";v="8", "Chromium";v="141"", Sec-Purpose:"prefetch;prerender", sec-ch-ua-mobile:"?0", Accept:"image/avif,image/webp,image/apng,image/svg+xml,image/*,*/*;q=0.8", Sec-Fetch-Site:"same-origin", Sec-Fetch-Mode:"no-cors", Sec-Fetch-Dest:"image", Accept-Encoding:"gzip, deflate, br, zstd", Accept-Language:"fr-FR,fr;q=0.9,en-US;q=0.8,en;q=0.7", Cookie:"XSRF-TOKEN=04d6e741-8a43-4b4f-a283-113a99359d76"] 
[skillrater] INFO | 2025-10-19 03:42:06.800 | parallel-4 | n.s.r.c.AppConfiguration:47 | [skillrater] INFO | Incoming request | GET | /img/jmeter_result.png | headers=[Host:"localhost:8080", Connection:"keep-alive", sec-ch-ua-platform:""Linux"", User-Agent:"Mozilla/5.0 (X11; Linux x86_64) AppleWebKit/537.36 (KHTML, like Gecko) Chrome/141.0.0.0 Safari/537.36", sec-ch-ua:""Google Chrome";v="141", "Not?A_Brand";v="8", "Chromium";v="141"", Sec-Purpose:"prefetch;prerender", sec-ch-ua-mobile:"?0", Accept:"image/avif,image/webp,image/apng,image/svg+xml,image/*,*/*;q=0.8", Sec-Fetch-Site:"same-origin", Sec-Fetch-Mode:"no-cors", Sec-Fetch-Dest:"image", Accept-Encoding:"gzip, deflate, br, zstd", Accept-Language:"fr-FR,fr;q=0.9,en-US;q=0.8,en;q=0.7", Cookie:"XSRF-TOKEN=04d6e741-8a43-4b4f-a283-113a99359d76"] 
[skillrater] INFO | 2025-10-19 03:42:06.825 | parallel-1 | n.s.r.c.AppConfiguration:47 | [skillrater] INFO | Incoming request | GET | /img/splunk_log_management.png | headers=[Host:"localhost:8080", Connection:"keep-alive", sec-ch-ua-platform:""Linux"", User-Agent:"Mozilla/5.0 (X11; Linux x86_64) AppleWebKit/537.36 (KHTML, like Gecko) Chrome/141.0.0.0 Safari/537.36", sec-ch-ua:""Google Chrome";v="141", "Not?A_Brand";v="8", "Chromium";v="141"", Sec-Purpose:"prefetch;prerender", sec-ch-ua-mobile:"?0", Accept:"image/avif,image/webp,image/apng,image/svg+xml,image/*,*/*;q=0.8", Sec-Fetch-Site:"same-origin", Sec-Fetch-Mode:"no-cors", Sec-Fetch-Dest:"image", Accept-Encoding:"gzip, deflate, br, zstd", Accept-Language:"fr-FR,fr;q=0.9,en-US;q=0.8,en;q=0.7", Cookie:"XSRF-TOKEN=04d6e741-8a43-4b4f-a283-113a99359d76"] 
[skillrater] INFO | 2025-10-19 03:42:09.482 | db-sql-netty-thread-4 | n.s.reactive.async.ThreadComponent:58 | [skillrater] INFO | new vote simulation added
[skillrater] INFO | 2025-10-19 03:42:09.636 | parallel-2 | n.s.r.c.AppConfiguration:47 | [skillrater] INFO | Incoming request | GET | /votes | headers=[Host:"localhost:8080", Connection:"keep-alive", sec-ch-ua:""Google Chrome";v="141", "Not?A_Brand";v="8", "Chromium";v="141"", sec-ch-ua-mobile:"?0", sec-ch-ua-platform:""Linux"", Upgrade-Insecure-Requests:"1", User-Agent:"Mozilla/5.0 (X11; Linux x86_64) AppleWebKit/537.36 (KHTML, like Gecko) Chrome/141.0.0.0 Safari/537.36", Accept:"text/html,application/xhtml+xml,application/xml;q=0.9,image/avif,image/webp,image/apng,*/*;q=0.8,application/signed-exchange;v=b3;q=0.7", Sec-Fetch-Site:"same-origin", Sec-Fetch-Mode:"navigate", Sec-Fetch-User:"?1", Sec-Fetch-Dest:"document", Accept-Encoding:"gzip, deflate, br, zstd", Accept-Language:"fr-FR,fr;q=0.9,en-US;q=0.8,en;q=0.7", Cookie:"XSRF-TOKEN=04d6e741-8a43-4b4f-a283-113a99359d76"] 
[skillrater] INFO | 2025-10-19 03:42:10.213 | parallel-4 | n.s.r.c.AppConfiguration:47 | [skillrater] INFO | Incoming request | GET | /css/app.css | headers=[Host:"localhost:8080", Connection:"keep-alive", sec-ch-ua-platform:""Linux"", User-Agent:"Mozilla/5.0 (X11; Linux x86_64) AppleWebKit/537.36 (KHTML, like Gecko) Chrome/141.0.0.0 Safari/537.36", sec-ch-ua:""Google Chrome";v="141", "Not?A_Brand";v="8", "Chromium";v="141"", sec-ch-ua-mobile:"?0", Accept:"text/css,*/*;q=0.1", Sec-Fetch-Site:"same-origin", Sec-Fetch-Mode:"no-cors", Sec-Fetch-Dest:"style", Accept-Encoding:"gzip, deflate, br, zstd", Accept-Language:"fr-FR,fr;q=0.9,en-US;q=0.8,en;q=0.7", Cookie:"XSRF-TOKEN=04d6e741-8a43-4b4f-a283-113a99359d76"] 
[skillrater] INFO | 2025-10-19 03:42:10.213 | parallel-3 | n.s.r.c.AppConfiguration:47 | [skillrater] INFO | Incoming request | GET | /js/backtotop.js | headers=[Host:"localhost:8080", Connection:"keep-alive", sec-ch-ua-platform:""Linux"", User-Agent:"Mozilla/5.0 (X11; Linux x86_64) AppleWebKit/537.36 (KHTML, like Gecko) Chrome/141.0.0.0 Safari/537.36", sec-ch-ua:""Google Chrome";v="141", "Not?A_Brand";v="8", "Chromium";v="141"", sec-ch-ua-mobile:"?0", Accept:"*/*", Sec-Fetch-Site:"same-origin", Sec-Fetch-Mode:"no-cors", Sec-Fetch-Dest:"script", Accept-Encoding:"gzip, deflate, br, zstd", Accept-Language:"fr-FR,fr;q=0.9,en-US;q=0.8,en;q=0.7", Cookie:"XSRF-TOKEN=04d6e741-8a43-4b4f-a283-113a99359d76"] 
[skillrater] INFO | 2025-10-19 03:42:10.504 | parallel-1 | n.s.r.c.AppConfiguration:47 | [skillrater] INFO | Incoming request | GET | /api/v1/data/skills | headers=[Host:"localhost:8080", Connection:"keep-alive", sec-ch-ua-platform:""Linux"", Cache-Control:"no-cache", User-Agent:"Mozilla/5.0 (X11; Linux x86_64) AppleWebKit/537.36 (KHTML, like Gecko) Chrome/141.0.0.0 Safari/537.36", Accept:"text/event-stream", sec-ch-ua:""Google Chrome";v="141", "Not?A_Brand";v="8", "Chromium";v="141"", sec-ch-ua-mobile:"?0", Sec-Fetch-Site:"same-origin", Sec-Fetch-Mode:"cors", Sec-Fetch-Dest:"empty", Accept-Encoding:"gzip, deflate, br, zstd", Accept-Language:"fr-FR,fr;q=0.9,en-US;q=0.8,en;q=0.7", Cookie:"XSRF-TOKEN=04d6e741-8a43-4b4f-a283-113a99359d76"] 
[skillrater] INFO | 2025-10-19 03:42:10.562 | reactor-http-epoll-3 | n.s.reactive.async.SkillEventBus:34 | ✅ SSE client connected
[skillrater] INFO | 2025-10-19 03:42:12.567 | db-sql-netty-thread-4 | n.s.reactive.async.ThreadComponent:58 | [skillrater] INFO | new vote simulation added
[skillrater] INFO | 2025-10-19 03:42:15.301 | reactor-http-epoll-2 | n.s.r.c.AppConfiguration:47 | [skillrater] INFO | Incoming request | GET | /login | headers=[Host:"localhost:8080", Connection:"keep-alive", Upgrade-Insecure-Requests:"1", User-Agent:"Mozilla/5.0 (X11; Linux x86_64) AppleWebKit/537.36 (KHTML, like Gecko) Chrome/141.0.0.0 Safari/537.36", Accept:"text/html,application/xhtml+xml,application/xml;q=0.9,image/avif,image/webp,image/apng,*/*;q=0.8,application/signed-exchange;v=b3;q=0.7", Sec-Fetch-Site:"same-origin", Sec-Fetch-Mode:"navigate", Sec-Fetch-User:"?1", Sec-Fetch-Dest:"document", sec-ch-ua:""Google Chrome";v="141", "Not?A_Brand";v="8", "Chromium";v="141"", sec-ch-ua-mobile:"?0", sec-ch-ua-platform:""Linux"", Accept-Encoding:"gzip, deflate, br, zstd", Accept-Language:"fr-FR,fr;q=0.9,en-US;q=0.8,en;q=0.7", Cookie:"XSRF-TOKEN=04d6e741-8a43-4b4f-a283-113a99359d76; SESSION=eba897d1-c91b-4f86-8d1c-7123daee01e8"] 
[skillrater] INFO | 2025-10-19 03:42:15.305 | reactor-http-epoll-2 | n.s.r.controllers.AuthController:37 | [skillrater] INFO | login attempt
[skillrater] INFO | 2025-10-19 03:42:15.338 | reactor-http-epoll-3 | n.s.reactive.async.SkillEventBus:35 | ❌ SSE client disconnected
[skillrater] INFO | 2025-10-19 03:42:15.393 | reactor-http-epoll-2 | n.s.r.c.AppConfiguration:47 | [skillrater] INFO | Incoming request | GET | /css/app.css | headers=[Host:"localhost:8080", Connection:"keep-alive", sec-ch-ua-platform:""Linux"", User-Agent:"Mozilla/5.0 (X11; Linux x86_64) AppleWebKit/537.36 (KHTML, like Gecko) Chrome/141.0.0.0 Safari/537.36", sec-ch-ua:""Google Chrome";v="141", "Not?A_Brand";v="8", "Chromium";v="141"", sec-ch-ua-mobile:"?0", Accept:"text/css,*/*;q=0.1", Sec-Fetch-Site:"same-origin", Sec-Fetch-Mode:"no-cors", Sec-Fetch-Dest:"style", Accept-Encoding:"gzip, deflate, br, zstd", Accept-Language:"fr-FR,fr;q=0.9,en-US;q=0.8,en;q=0.7", Cookie:"XSRF-TOKEN=04d6e741-8a43-4b4f-a283-113a99359d76; SESSION=eba897d1-c91b-4f86-8d1c-7123daee01e8"] 
[skillrater] INFO | 2025-10-19 03:42:15.403 | reactor-http-epoll-4 | n.s.r.c.AppConfiguration:47 | [skillrater] INFO | Incoming request | GET | /js/passvisiblity.js | headers=[Host:"localhost:8080", Connection:"keep-alive", sec-ch-ua-platform:""Linux"", User-Agent:"Mozilla/5.0 (X11; Linux x86_64) AppleWebKit/537.36 (KHTML, like Gecko) Chrome/141.0.0.0 Safari/537.36", sec-ch-ua:""Google Chrome";v="141", "Not?A_Brand";v="8", "Chromium";v="141"", sec-ch-ua-mobile:"?0", Accept:"*/*", Sec-Fetch-Site:"same-origin", Sec-Fetch-Mode:"no-cors", Sec-Fetch-Dest:"script", Accept-Encoding:"gzip, deflate, br, zstd", Accept-Language:"fr-FR,fr;q=0.9,en-US;q=0.8,en;q=0.7", Cookie:"XSRF-TOKEN=04d6e741-8a43-4b4f-a283-113a99359d76; SESSION=eba897d1-c91b-4f86-8d1c-7123daee01e8"] 
[skillrater] INFO | 2025-10-19 03:42:15.604 | db-sql-netty-thread-4 | n.s.reactive.async.ThreadComponent:58 | [skillrater] INFO | new vote simulation added
[skillrater] INFO | 2025-10-19 03:42:18.498 | db-sql-netty-thread-4 | n.s.reactive.async.ThreadComponent:58 | [skillrater] INFO | new vote simulation added
[skillrater] INFO | 2025-10-19 03:42:21.458 | db-sql-netty-thread-4 | n.s.reactive.async.ThreadComponent:58 | [skillrater] INFO | new vote simulation added
[skillrater] INFO | 2025-10-19 03:42:24.484 | db-sql-netty-thread-4 | n.s.reactive.async.ThreadComponent:58 | [skillrater] INFO | new vote simulation added
[skillrater] INFO | 2025-10-19 03:42:24.670 | reactor-http-epoll-4 | n.s.r.c.AppConfiguration:47 | [skillrater] INFO | Incoming request | GET | /.well-known/appspecific/com.chrome.devtools.json | headers=[Host:"localhost:8080", Connection:"keep-alive", Sec-Fetch-Site:"same-origin", Sec-Fetch-Mode:"no-cors", Sec-Fetch-Dest:"empty", User-Agent:"Mozilla/5.0 (X11; Linux x86_64) AppleWebKit/537.36 (KHTML, like Gecko) Chrome/141.0.0.0 Safari/537.36", Accept-Encoding:"gzip, deflate, br, zstd", Accept-Language:"fr-FR,fr;q=0.9,en-US;q=0.8,en;q=0.7", Cookie:"XSRF-TOKEN=04d6e741-8a43-4b4f-a283-113a99359d76; SESSION=eba897d1-c91b-4f86-8d1c-7123daee01e8"] 
[skillrater] INFO | 2025-10-19 03:42:24.699 | reactor-http-epoll-2 | n.s.r.c.AppConfiguration:47 | [skillrater] INFO | Incoming request | GET | /css/app.css | headers=[Host:"localhost:8080", Connection:"keep-alive", sec-ch-ua-platform:""Linux"", User-Agent:"Mozilla/5.0 (X11; Linux x86_64) AppleWebKit/537.36 (KHTML, like Gecko) Chrome/141.0.0.0 Safari/537.36", sec-ch-ua:""Google Chrome";v="141", "Not?A_Brand";v="8", "Chromium";v="141"", sec-ch-ua-mobile:"?0", Accept:"text/css,*/*;q=0.1", Sec-Fetch-Site:"same-origin", Sec-Fetch-Mode:"no-cors", Sec-Fetch-Dest:"style", Accept-Encoding:"gzip, deflate, br, zstd", Accept-Language:"fr-FR,fr;q=0.9,en-US;q=0.8,en;q=0.7", Cookie:"XSRF-TOKEN=04d6e741-8a43-4b4f-a283-113a99359d76; SESSION=eba897d1-c91b-4f86-8d1c-7123daee01e8"] 
[skillrater] INFO | 2025-10-19 03:42:27.512 | db-sql-netty-thread-4 | n.s.reactive.async.ThreadComponent:58 | [skillrater] INFO | new vote simulation added
[skillrater] INFO | 2025-10-19 03:42:30.481 | db-sql-netty-thread-4 | n.s.reactive.async.ThreadComponent:58 | [skillrater] INFO | new vote simulation added
[skillrater] INFO | 2025-10-19 03:42:33.474 | db-sql-netty-thread-4 | n.s.reactive.async.ThreadComponent:58 | [skillrater] INFO | new vote simulation added
[skillrater] INFO | 2025-10-19 03:42:36.484 | db-sql-netty-thread-4 | n.s.reactive.async.ThreadComponent:58 | [skillrater] INFO | new vote simulation added
[skillrater] INFO | 2025-10-19 03:42:39.477 | db-sql-netty-thread-4 | n.s.reactive.async.ThreadComponent:58 | [skillrater] INFO | new vote simulation added
[skillrater] INFO | 2025-10-19 03:42:42.471 | db-sql-netty-thread-4 | n.s.reactive.async.ThreadComponent:58 | [skillrater] INFO | new vote simulation added
[skillrater] INFO | 2025-10-19 03:42:45.505 | db-sql-netty-thread-4 | n.s.reactive.async.ThreadComponent:58 | [skillrater] INFO | new vote simulation added
[skillrater] INFO | 2025-10-19 03:42:48.467 | db-sql-netty-thread-4 | n.s.reactive.async.ThreadComponent:58 | [skillrater] INFO | new vote simulation added
[skillrater] INFO | 2025-10-19 03:42:51.468 | db-sql-netty-thread-4 | n.s.reactive.async.ThreadComponent:58 | [skillrater] INFO | new vote simulation added
[skillrater] INFO | 2025-10-19 03:42:54.461 | db-sql-netty-thread-4 | n.s.reactive.async.ThreadComponent:58 | [skillrater] INFO | new vote simulation added
[skillrater] INFO | 2025-10-19 03:42:57.470 | db-sql-netty-thread-4 | n.s.reactive.async.ThreadComponent:58 | [skillrater] INFO | new vote simulation added
[skillrater] INFO | 2025-10-19 03:43:00.463 | db-sql-netty-thread-4 | n.s.reactive.async.ThreadComponent:58 | [skillrater] INFO | new vote simulation added
[skillrater] INFO | 2025-10-19 03:43:03.473 | db-sql-netty-thread-4 | n.s.reactive.async.ThreadComponent:58 | [skillrater] INFO | new vote simulation added
[skillrater] INFO | 2025-10-19 03:43:06.467 | db-sql-netty-thread-4 | n.s.reactive.async.ThreadComponent:58 | [skillrater] INFO | new vote simulation added
[skillrater] INFO | 2025-10-19 03:43:09.468 | db-sql-netty-thread-4 | n.s.reactive.async.ThreadComponent:58 | [skillrater] INFO | new vote simulation added
[skillrater] INFO | 2025-10-19 03:43:12.469 | db-sql-netty-thread-4 | n.s.reactive.async.ThreadComponent:58 | [skillrater] INFO | new vote simulation added
[skillrater] INFO | 2025-10-19 03:43:15.479 | db-sql-netty-thread-4 | n.s.reactive.async.ThreadComponent:58 | [skillrater] INFO | new vote simulation added
[skillrater] INFO | 2025-10-19 03:43:18.463 | db-sql-netty-thread-4 | n.s.reactive.async.ThreadComponent:58 | [skillrater] INFO | new vote simulation added
[skillrater] INFO | 2025-10-19 03:43:21.464 | db-sql-netty-thread-4 | n.s.reactive.async.ThreadComponent:58 | [skillrater] INFO | new vote simulation added
[skillrater] INFO | 2025-10-19 03:43:24.498 | db-sql-netty-thread-4 | n.s.reactive.async.ThreadComponent:58 | [skillrater] INFO | new vote simulation added
[skillrater] INFO | 2025-10-19 03:43:27.467 | db-sql-netty-thread-4 | n.s.reactive.async.ThreadComponent:58 | [skillrater] INFO | new vote simulation added
[skillrater] INFO | 2025-10-19 03:43:30.468 | db-sql-netty-thread-4 | n.s.reactive.async.ThreadComponent:58 | [skillrater] INFO | new vote simulation added
[skillrater] INFO | 2025-10-19 03:43:33.477 | db-sql-netty-thread-4 | n.s.reactive.async.ThreadComponent:58 | [skillrater] INFO | new vote simulation added
[skillrater] INFO | 2025-10-19 03:43:36.461 | db-sql-netty-thread-4 | n.s.reactive.async.ThreadComponent:58 | [skillrater] INFO | new vote simulation added
[skillrater] INFO | 2025-10-19 03:43:39.462 | db-sql-netty-thread-4 | n.s.reactive.async.ThreadComponent:58 | [skillrater] INFO | new vote simulation added
[skillrater] INFO | 2025-10-19 03:43:42.471 | db-sql-netty-thread-4 | n.s.reactive.async.ThreadComponent:58 | [skillrater] INFO | new vote simulation added
[skillrater] INFO | 2025-10-19 03:43:45.482 | db-sql-netty-thread-4 | n.s.reactive.async.ThreadComponent:58 | [skillrater] INFO | new vote simulation added
[skillrater] INFO | 2025-10-19 03:43:48.501 | db-sql-netty-thread-4 | n.s.reactive.async.ThreadComponent:58 | [skillrater] INFO | new vote simulation added
[skillrater] INFO | 2025-10-19 03:43:51.477 | db-sql-netty-thread-4 | n.s.reactive.async.ThreadComponent:58 | [skillrater] INFO | new vote simulation added
[skillrater] INFO | 2025-10-19 03:43:54.470 | db-sql-netty-thread-4 | n.s.reactive.async.ThreadComponent:58 | [skillrater] INFO | new vote simulation added
[skillrater] INFO | 2025-10-19 03:43:57.497 | db-sql-netty-thread-4 | n.s.reactive.async.ThreadComponent:58 | [skillrater] INFO | new vote simulation added
[skillrater] INFO | 2025-10-19 03:44:00.480 | db-sql-netty-thread-4 | n.s.reactive.async.ThreadComponent:58 | [skillrater] INFO | new vote simulation added
[skillrater] INFO | 2025-10-19 03:44:02.851 | SpringApplicationShutdownHook | n.s.r.SpringReactiveApplication:61 | [skillrater] INFO | Application stopping
[skillrater] INFO | 2025-10-19 03:44:08.077 | main | n.s.r.SpringReactiveApplication:50 | Starting SpringReactiveApplication using Java 17.0.16 with PID 6685 (/home/nk-desktop/Documents/workspace/projects/toolvoter/target/classes started by nk-desktop in /home/nk-desktop/Documents/workspace/projects/toolvoter)
[skillrater] INFO | 2025-10-19 03:44:08.080 | main | n.s.r.SpringReactiveApplication:654 | No active profile set, falling back to 1 default profile: "dev"
[skillrater] INFO | 2025-10-19 03:44:09.821 | main | o.s.d.r.c.RepositoryConfigurationDelegate:143 | Bootstrapping Spring Data R2DBC repositories in DEFAULT mode.
[skillrater] INFO | 2025-10-19 03:44:09.992 | main | o.s.d.r.c.RepositoryConfigurationDelegate:211 | Finished Spring Data repository scanning in 164 ms. Found 3 R2DBC repository interfaces.
[skillrater] INFO | 2025-10-19 03:44:10.887 | main | c.g.j.r.m.MysqlConnectionFactoryProvider:52 | set jasync.mysql.CLIENT_FOUND_ROWS=true
[skillrater] INFO | 2025-10-19 03:44:10.931 | main | c.g.jasync.sql.db.util.NettyUtils:38 | jasync available transport - native (epoll)
[skillrater] INFO | 2025-10-19 03:44:12.924 | main | o.f.c.i.r.ResourceNameValidator:37 | 1 SQL migrations were detected but not run because they did not follow the filename convention.
[skillrater] INFO | 2025-10-19 03:44:12.924 | main | o.f.c.i.r.ResourceNameValidator:37 | Set 'validateMigrationNaming' to true to fail fast and see a list of the invalid file names.
[skillrater] INFO | 2025-10-19 03:44:12.973 | main | org.flywaydb.core.FlywayExecutor:37 | Database: jdbc:mysql://localhost:3306/javatutos (MySQL 8.0)
[skillrater] INFO | 2025-10-19 03:44:13.103 | main | o.f.core.internal.command.DbValidate:37 | Successfully validated 10 migrations (execution time 00:00.096s)
[skillrater] INFO | 2025-10-19 03:44:13.134 | main | o.f.core.internal.command.DbMigrate:37 | Current version of schema `javatutos`: 11
[skillrater] INFO | 2025-10-19 03:44:13.141 | main | o.f.core.internal.command.DbMigrate:37 | Schema `javatutos` is up to date. No migration necessary.
[skillrater] INFO | 2025-10-19 03:44:13.331 | main | o.s.b.w.e.netty.NettyWebServer:141 | Netty started on port 8080 (http)
[skillrater] INFO | 2025-10-19 03:44:13.372 | main | n.s.r.SpringReactiveApplication:56 | Started SpringReactiveApplication in 6.201 seconds (process running for 6.844)
[skillrater] INFO | 2025-10-19 03:44:13.639 | db-sql-netty-thread-2 | n.s.r.c.ApplicationSeeder:75 | ℹ️ Guest user already exists, skipping creation.
[skillrater] INFO | 2025-10-19 03:44:13.769 | main | n.s.r.c.ApplicationSeeder:106 | ===========> Can start vote simulation now
[skillrater] INFO | 2025-10-19 03:44:13.772 | main | n.s.r.async.DBSeedCompletedEvent:10 | [skillrater] INFO | DB seeding completed event created
[skillrater] INFO | 2025-10-19 03:44:13.775 | main | n.s.r.SpringReactiveApplication:56 | [skillrater] INFO | Application started and ready
[skillrater] INFO | 2025-10-19 03:44:16.481 | db-sql-netty-thread-4 | n.s.reactive.async.ThreadComponent:58 | [skillrater] INFO | new vote simulation added
[skillrater] INFO | 2025-10-19 03:44:19.301 | parallel-2 | n.s.r.c.AppConfiguration:47 | [skillrater] INFO | Incoming request | GET | /login | headers=[Host:"localhost:8080", Connection:"keep-alive", Cache-Control:"max-age=0", sec-ch-ua:""Google Chrome";v="141", "Not?A_Brand";v="8", "Chromium";v="141"", sec-ch-ua-mobile:"?0", sec-ch-ua-platform:""Linux"", Upgrade-Insecure-Requests:"1", User-Agent:"Mozilla/5.0 (X11; Linux x86_64) AppleWebKit/537.36 (KHTML, like Gecko) Chrome/141.0.0.0 Safari/537.36", Accept:"text/html,application/xhtml+xml,application/xml;q=0.9,image/avif,image/webp,image/apng,*/*;q=0.8,application/signed-exchange;v=b3;q=0.7", Sec-Fetch-Site:"same-origin", Sec-Fetch-Mode:"navigate", Sec-Fetch-User:"?1", Sec-Fetch-Dest:"document", Accept-Encoding:"gzip, deflate, br, zstd", Accept-Language:"fr-FR,fr;q=0.9,en-US;q=0.8,en;q=0.7", Cookie:"XSRF-TOKEN=04d6e741-8a43-4b4f-a283-113a99359d76; SESSION=eba897d1-c91b-4f86-8d1c-7123daee01e8"] 
[skillrater] INFO | 2025-10-19 03:44:19.342 | parallel-2 | n.s.r.controllers.AuthController:37 | [skillrater] INFO | login attempt
[skillrater] INFO | 2025-10-19 03:44:19.454 | db-sql-netty-thread-4 | n.s.reactive.async.ThreadComponent:58 | [skillrater] INFO | new vote simulation added
[skillrater] INFO | 2025-10-19 03:44:19.931 | parallel-3 | n.s.r.c.AppConfiguration:47 | [skillrater] INFO | Incoming request | GET | /js/passvisiblity.js | headers=[Host:"localhost:8080", Connection:"keep-alive", sec-ch-ua-platform:""Linux"", User-Agent:"Mozilla/5.0 (X11; Linux x86_64) AppleWebKit/537.36 (KHTML, like Gecko) Chrome/141.0.0.0 Safari/537.36", sec-ch-ua:""Google Chrome";v="141", "Not?A_Brand";v="8", "Chromium";v="141"", sec-ch-ua-mobile:"?0", Accept:"*/*", Sec-Fetch-Site:"same-origin", Sec-Fetch-Mode:"no-cors", Sec-Fetch-Dest:"script", Accept-Encoding:"gzip, deflate, br, zstd", Accept-Language:"fr-FR,fr;q=0.9,en-US;q=0.8,en;q=0.7", Cookie:"XSRF-TOKEN=04d6e741-8a43-4b4f-a283-113a99359d76"] 
[skillrater] INFO | 2025-10-19 03:44:19.935 | parallel-4 | n.s.r.c.AppConfiguration:47 | [skillrater] INFO | Incoming request | GET | /css/app.css | headers=[Host:"localhost:8080", Connection:"keep-alive", sec-ch-ua-platform:""Linux"", User-Agent:"Mozilla/5.0 (X11; Linux x86_64) AppleWebKit/537.36 (KHTML, like Gecko) Chrome/141.0.0.0 Safari/537.36", sec-ch-ua:""Google Chrome";v="141", "Not?A_Brand";v="8", "Chromium";v="141"", sec-ch-ua-mobile:"?0", Accept:"text/css,*/*;q=0.1", Sec-Fetch-Site:"same-origin", Sec-Fetch-Mode:"no-cors", Sec-Fetch-Dest:"style", Accept-Encoding:"gzip, deflate, br, zstd", Accept-Language:"fr-FR,fr;q=0.9,en-US;q=0.8,en;q=0.7", Cookie:"XSRF-TOKEN=04d6e741-8a43-4b4f-a283-113a99359d76"] 
[skillrater] INFO | 2025-10-19 03:44:19.967 | parallel-1 | n.s.r.c.AppConfiguration:47 | [skillrater] INFO | Incoming request | GET | /.well-known/appspecific/com.chrome.devtools.json | headers=[Host:"localhost:8080", Connection:"keep-alive", Sec-Fetch-Site:"same-origin", Sec-Fetch-Mode:"no-cors", Sec-Fetch-Dest:"empty", User-Agent:"Mozilla/5.0 (X11; Linux x86_64) AppleWebKit/537.36 (KHTML, like Gecko) Chrome/141.0.0.0 Safari/537.36", Accept-Encoding:"gzip, deflate, br, zstd", Accept-Language:"fr-FR,fr;q=0.9,en-US;q=0.8,en;q=0.7", Cookie:"XSRF-TOKEN=04d6e741-8a43-4b4f-a283-113a99359d76"] 
[skillrater] INFO | 2025-10-19 03:44:21.937 | parallel-2 | n.s.r.c.AppConfiguration:47 | [skillrater] INFO | Incoming request | GET | /img/favicon.ico | headers=[Host:"localhost:8080", Connection:"keep-alive", sec-ch-ua-platform:""Linux"", User-Agent:"Mozilla/5.0 (X11; Linux x86_64) AppleWebKit/537.36 (KHTML, like Gecko) Chrome/141.0.0.0 Safari/537.36", sec-ch-ua:""Google Chrome";v="141", "Not?A_Brand";v="8", "Chromium";v="141"", sec-ch-ua-mobile:"?0", Accept:"image/avif,image/webp,image/apng,image/svg+xml,image/*,*/*;q=0.8", Sec-Fetch-Site:"same-origin", Sec-Fetch-Mode:"no-cors", Sec-Fetch-Dest:"image", Accept-Encoding:"gzip, deflate, br, zstd", Accept-Language:"fr-FR,fr;q=0.9,en-US;q=0.8,en;q=0.7", Cookie:"XSRF-TOKEN=04d6e741-8a43-4b4f-a283-113a99359d76"] 
[skillrater] INFO | 2025-10-19 03:44:22.434 | db-sql-netty-thread-4 | n.s.reactive.async.ThreadComponent:58 | [skillrater] INFO | new vote simulation added
[skillrater] INFO | 2025-10-19 03:44:25.442 | db-sql-netty-thread-4 | n.s.reactive.async.ThreadComponent:58 | [skillrater] INFO | new vote simulation added
[skillrater] INFO | 2025-10-19 03:44:28.428 | db-sql-netty-thread-4 | n.s.reactive.async.ThreadComponent:58 | [skillrater] INFO | new vote simulation added
[skillrater] INFO | 2025-10-19 03:44:30.200 | parallel-3 | n.s.r.c.AppConfiguration:47 | [skillrater] INFO | Incoming request | GET | /votes | headers=[Host:"localhost:8080", Connection:"keep-alive", sec-ch-ua:""Google Chrome";v="141", "Not?A_Brand";v="8", "Chromium";v="141"", sec-ch-ua-mobile:"?0", sec-ch-ua-platform:""Linux"", Upgrade-Insecure-Requests:"1", User-Agent:"Mozilla/5.0 (X11; Linux x86_64) AppleWebKit/537.36 (KHTML, like Gecko) Chrome/141.0.0.0 Safari/537.36", Accept:"text/html,application/xhtml+xml,application/xml;q=0.9,image/avif,image/webp,image/apng,*/*;q=0.8,application/signed-exchange;v=b3;q=0.7", Sec-Fetch-Site:"same-origin", Sec-Fetch-Mode:"navigate", Sec-Fetch-User:"?1", Sec-Fetch-Dest:"document", Accept-Encoding:"gzip, deflate, br, zstd", Accept-Language:"fr-FR,fr;q=0.9,en-US;q=0.8,en;q=0.7", Cookie:"XSRF-TOKEN=04d6e741-8a43-4b4f-a283-113a99359d76"] 
[skillrater] INFO | 2025-10-19 03:44:30.836 | parallel-4 | n.s.r.c.AppConfiguration:47 | [skillrater] INFO | Incoming request | GET | /.well-known/appspecific/com.chrome.devtools.json | headers=[Host:"localhost:8080", Connection:"keep-alive", Sec-Fetch-Site:"same-origin", Sec-Fetch-Mode:"no-cors", Sec-Fetch-Dest:"empty", User-Agent:"Mozilla/5.0 (X11; Linux x86_64) AppleWebKit/537.36 (KHTML, like Gecko) Chrome/141.0.0.0 Safari/537.36", Accept-Encoding:"gzip, deflate, br, zstd", Accept-Language:"fr-FR,fr;q=0.9,en-US;q=0.8,en;q=0.7", Cookie:"XSRF-TOKEN=04d6e741-8a43-4b4f-a283-113a99359d76"] 
[skillrater] INFO | 2025-10-19 03:44:30.853 | parallel-2 | n.s.r.c.AppConfiguration:47 | [skillrater] INFO | Incoming request | GET | /js/backtotop.js | headers=[Host:"localhost:8080", Connection:"keep-alive", sec-ch-ua-platform:""Linux"", User-Agent:"Mozilla/5.0 (X11; Linux x86_64) AppleWebKit/537.36 (KHTML, like Gecko) Chrome/141.0.0.0 Safari/537.36", sec-ch-ua:""Google Chrome";v="141", "Not?A_Brand";v="8", "Chromium";v="141"", sec-ch-ua-mobile:"?0", Accept:"*/*", Sec-Fetch-Site:"same-origin", Sec-Fetch-Mode:"no-cors", Sec-Fetch-Dest:"script", Accept-Encoding:"gzip, deflate, br, zstd", Accept-Language:"fr-FR,fr;q=0.9,en-US;q=0.8,en;q=0.7", Cookie:"XSRF-TOKEN=04d6e741-8a43-4b4f-a283-113a99359d76"] 
[skillrater] INFO | 2025-10-19 03:44:30.852 | parallel-1 | n.s.r.c.AppConfiguration:47 | [skillrater] INFO | Incoming request | GET | /css/app.css | headers=[Host:"localhost:8080", Connection:"keep-alive", sec-ch-ua-platform:""Linux"", User-Agent:"Mozilla/5.0 (X11; Linux x86_64) AppleWebKit/537.36 (KHTML, like Gecko) Chrome/141.0.0.0 Safari/537.36", sec-ch-ua:""Google Chrome";v="141", "Not?A_Brand";v="8", "Chromium";v="141"", sec-ch-ua-mobile:"?0", Accept:"text/css,*/*;q=0.1", Sec-Fetch-Site:"same-origin", Sec-Fetch-Mode:"no-cors", Sec-Fetch-Dest:"style", Accept-Encoding:"gzip, deflate, br, zstd", Accept-Language:"fr-FR,fr;q=0.9,en-US;q=0.8,en;q=0.7", Cookie:"XSRF-TOKEN=04d6e741-8a43-4b4f-a283-113a99359d76"] 
[skillrater] INFO | 2025-10-19 03:44:31.457 | db-sql-netty-thread-4 | n.s.reactive.async.ThreadComponent:58 | [skillrater] INFO | new vote simulation added
[skillrater] INFO | 2025-10-19 03:44:31.515 | parallel-3 | n.s.r.c.AppConfiguration:47 | [skillrater] INFO | Incoming request | GET | /api/v1/data/skills | headers=[Host:"localhost:8080", Connection:"keep-alive", sec-ch-ua-platform:""Linux"", Cache-Control:"no-cache", User-Agent:"Mozilla/5.0 (X11; Linux x86_64) AppleWebKit/537.36 (KHTML, like Gecko) Chrome/141.0.0.0 Safari/537.36", Accept:"text/event-stream", sec-ch-ua:""Google Chrome";v="141", "Not?A_Brand";v="8", "Chromium";v="141"", sec-ch-ua-mobile:"?0", Sec-Fetch-Site:"same-origin", Sec-Fetch-Mode:"cors", Sec-Fetch-Dest:"empty", Accept-Encoding:"gzip, deflate, br, zstd", Accept-Language:"fr-FR,fr;q=0.9,en-US;q=0.8,en;q=0.7", Cookie:"XSRF-TOKEN=04d6e741-8a43-4b4f-a283-113a99359d76"] 
[skillrater] INFO | 2025-10-19 03:44:31.558 | reactor-http-epoll-3 | n.s.reactive.async.SkillEventBus:34 | ✅ SSE client connected
[skillrater] INFO | 2025-10-19 03:44:34.524 | db-sql-netty-thread-4 | n.s.reactive.async.ThreadComponent:58 | [skillrater] INFO | new vote simulation added
[skillrater] INFO | 2025-10-19 03:44:37.424 | SpringApplicationShutdownHook | n.s.r.SpringReactiveApplication:61 | [skillrater] INFO | Application stopping
[skillrater] INFO | 2025-10-19 03:44:37.453 | db-sql-netty-thread-4 | n.s.reactive.async.ThreadComponent:58 | [skillrater] INFO | new vote simulation added
[skillrater] INFO | 2025-10-19 03:44:40.434 | reactor-http-epoll-3 | n.s.reactive.async.SkillEventBus:35 | ❌ SSE client disconnected
